<![LOG[ selected]LOG]!><time="10:44:31.645+120" date="9-8-2015" component="import-apps.ps1" context="ACAG\s300scc001" type="1" thread="11" file="">
<![LOG[ does not exist]LOG]!><time="10:44:39.530+120" date="9-8-2015" component="import-apps.ps1" context="ACAG\s300scc001" type="1" thread="11" file="">
<![LOG[ selected]LOG]!><time="10:45:07.840+120" date="9-8-2015" component="import-apps.ps1" context="ACAG\s300scc001" type="1" thread="11" file="">
<![LOG[ does not exist]LOG]!><time="10:45:11.119+120" date="9-8-2015" component="import-apps.ps1" context="ACAG\s300scc001" type="1" thread="11" file="">
<![LOG[@{Name=Testapp_1.1.0_MUI_ALTANA_001_ALL P} selected]LOG]!><time="11:41:33.583+120" date="9-8-2015" component="import-apps.ps1" context="ACAG\s300scc001" type="1" thread="11" file="">
<![LOG[Testapp_1.1.0_MUI_ALTANA_001_ALL P does not exist]LOG]!><time="11:41:35.683+120" date="9-8-2015" component="import-apps.ps1" context="ACAG\s300scc001" type="1" thread="11" file="">
<![LOG[Start to create Testapp_1.1.0_MUI_ALTANA_001_ALL P]LOG]!><time="11:41:35.687+120" date="9-8-2015" component="import-apps.ps1" context="ACAG\s300scc001" type="1" thread="11" file="">
<![LOG[Version is 1.1.0_001]LOG]!><time="11:41:35.694+120" date="9-8-2015" component="import-apps.ps1" context="ACAG\s300scc001" type="1" thread="11" file="">
<![LOG[Publisher is ALTANA]LOG]!><time="11:41:35.697+120" date="9-8-2015" component="import-apps.ps1" context="ACAG\s300scc001" type="1" thread="11" file="">
<![LOG[Check whether \\DEHNM-SCC-TV101\applications$\Testapp_1.1.0_MUI_ALTANA_001_ALL P\_Icon exists]LOG]!><time="11:41:35.699+120" date="9-8-2015" component="import-apps.ps1" context="ACAG\s300scc001" type="1" thread="11" file="">
<![LOG[\\DEHNM-SCC-TV101\applications$\Testapp_1.1.0_MUI_ALTANA_001_ALL P\_Icon exists.]LOG]!><time="11:41:35.703+120" date="9-8-2015" component="import-apps.ps1" context="ACAG\s300scc001" type="1" thread="11" file="">
<![LOG[sccm.jpg found in folder \\DEHNM-SCC-TV101\applications$\Testapp_1.1.0_MUI_ALTANA_001_ALL P\_Icon]LOG]!><time="11:41:35.707+120" date="9-8-2015" component="import-apps.ps1" context="ACAG\s300scc001" type="1" thread="11" file="">
<![LOG[Will create application Testapp_1.1.0_MUI_ALTANA_001_ALL P]LOG]!><time="11:41:35.709+120" date="9-8-2015" component="import-apps.ps1" context="ACAG\s300scc001" type="1" thread="11" file="">
<![LOG[Application Testapp_1.1.0_MUI_ALTANA_001_ALL P created with Icon]LOG]!><time="11:41:41.734+120" date="9-8-2015" component="import-apps.ps1" context="ACAG\s300scc001" type="1" thread="11" file="">
<![LOG[Testapp_1.1.0_MUI_ALTANA_001_ALL P does not exist]LOG]!><time="11:41:43.944+120" date="9-8-2015" component="import-apps.ps1" context="ACAG\s300scc001" type="1" thread="11" file="">
<![LOG[Create deployment type for application Testapp_1.1.0_MUI_ALTANA_001_ALL P]LOG]!><time="11:41:43.948+120" date="9-8-2015" component="import-apps.ps1" context="ACAG\s300scc001" type="1" thread="11" file="">
<![LOG[Failed to create deployment type]LOG]!><time="11:41:43.989+120" date="9-8-2015" component="import-apps.ps1" context="ACAG\s300scc001" type="3" thread="11" file="">
<![LOG[This command cannot be run from the current drive. To run this command you must first connect to a Configuration Manager drive.]LOG]!><time="11:41:43.991+120" date="9-8-2015" component="import-apps.ps1" context="ACAG\s300scc001" type="3" thread="11" file="">
<![LOG[The import of Testapp_1.1.0_MUI_ALTANA_001_ALL P failed]LOG]!><time="11:41:43.994+120" date="9-8-2015" component="import-apps.ps1" context="ACAG\s300scc001" type="3" thread="11" file="">
<![LOG[@{Name=Testapp_1.1.0_MUI_ALTANA_001_ALL P} selected]LOG]!><time="11:49:14.879+120" date="9-8-2015" component="import-apps.ps1" context="ACAG\s300scc001" type="1" thread="11" file="">
<![LOG[Testapp_1.1.0_MUI_ALTANA_001_ALL P already exists]LOG]!><time="11:49:16.501+120" date="9-8-2015" component="import-apps.ps1" context="ACAG\s300scc001" type="2" thread="11" file="">
<![LOG[Move Testapp_1.1.0_MUI_ALTANA_001_ALL P to T00 - (B) Software Deployment]LOG]!><time="11:49:16.666+120" date="9-8-2015" component="import-apps.ps1" context="ACAG\s300scc001" type="1" thread="11" file="">
<![LOG[Moved Testapp_1.1.0_MUI_ALTANA_001_ALL P to T00 - (B) Software Deployment successfully]LOG]!><time="11:49:17.077+120" date="9-8-2015" component="import-apps.ps1" context="ACAG\s300scc001" type="1" thread="11" file="">
<![LOG[Deployment Type Install for Testapp_1.1.0_MUI_ALTANA_001_ALL P does not exist]LOG]!><time="11:49:17.413+120" date="9-8-2015" component="import-apps.ps1" context="ACAG\s300scc001" type="1" thread="11" file="">
<![LOG[Create deployment type for application Testapp_1.1.0_MUI_ALTANA_001_ALL P]LOG]!><time="11:49:17.419+120" date="9-8-2015" component="import-apps.ps1" context="ACAG\s300scc001" type="1" thread="11" file="">
<![LOG[Deployment type for application Testapp_1.1.0_MUI_ALTANA_001_ALL P created]LOG]!><time="11:49:33.447+120" date="9-8-2015" component="import-apps.ps1" context="ACAG\s300scc001" type="1" thread="11" file="">
<![LOG[Modify detection rule afterwards. Use following information for detection method]LOG]!><time="11:49:33.449+120" date="9-8-2015" component="import-apps.ps1" context="ACAG\s300scc001" type="2" thread="11" file="">
<![LOG[Hive: HKEY_LOCAL_MACHINE]LOG]!><time="11:49:33.451+120" date="9-8-2015" component="import-apps.ps1" context="ACAG\s300scc001" type="2" thread="11" file="">
<![LOG[Key: Software\Altana\Packages\Testapp_1.1.0_MUI_ALTANA_001_ALL P]LOG]!><time="11:49:33.453+120" date="9-8-2015" component="import-apps.ps1" context="ACAG\s300scc001" type="2" thread="11" file="">
<![LOG[Value: Result]LOG]!><time="11:49:33.456+120" date="9-8-2015" component="import-apps.ps1" context="ACAG\s300scc001" type="2" thread="11" file="">
<![LOG[Select "This registry setting must satisfy the following rule to indicate the presence of this application"]LOG]!><time="11:49:33.458+120" date="9-8-2015" component="import-apps.ps1" context="ACAG\s300scc001" type="2" thread="11" file="">
<![LOG[Data Type: String]LOG]!><time="11:49:33.460+120" date="9-8-2015" component="import-apps.ps1" context="ACAG\s300scc001" type="2" thread="11" file="">
<![LOG[Select "This registry key is associated with a 32-bit application on 64-bit systems"]LOG]!><time="11:49:33.462+120" date="9-8-2015" component="import-apps.ps1" context="ACAG\s300scc001" type="2" thread="11" file="">
<![LOG[Operator: Equals]LOG]!><time="11:49:33.474+120" date="9-8-2015" component="import-apps.ps1" context="ACAG\s300scc001" type="2" thread="11" file="">
<![LOG[Value: Success]LOG]!><time="11:49:33.477+120" date="9-8-2015" component="import-apps.ps1" context="ACAG\s300scc001" type="2" thread="11" file="">
<![LOG[Distribute content of application Testapp_1.1.0_MUI_ALTANA_001_ALL P to DP group 01 - TEST]LOG]!><time="11:49:33.481+120" date="9-8-2015" component="import-apps.ps1" context="ACAG\s300scc001" type="1" thread="11" file="">
<![LOG[Content of application Testapp_1.1.0_MUI_ALTANA_001_ALL P distributed to DP group 01 - TEST sucessfully initialized]LOG]!><time="11:49:34.957+120" date="9-8-2015" component="import-apps.ps1" context="ACAG\s300scc001" type="1" thread="11" file="">
<![LOG[Testapp_1.1.0_MUI_ALTANA_001_ALL P - AUTH does not exist]LOG]!><time="11:49:35.222+120" date="9-8-2015" component="import-apps.ps1" context="ACAG\s300scc001" type="1" thread="11" file="">
<![LOG[Start to create Testapp_1.1.0_MUI_ALTANA_001_ALL P - AUTH]LOG]!><time="11:49:35.226+120" date="9-8-2015" component="import-apps.ps1" context="ACAG\s300scc001" type="1" thread="11" file="">
<![LOG[Testapp_1.1.0_MUI_ALTANA_001_ALL P - AUTH created]LOG]!><time="11:49:36.201+120" date="9-8-2015" component="import-apps.ps1" context="ACAG\s300scc001" type="1" thread="11" file="">
<![LOG[Testapp_1.1.0_MUI_ALTANA_001_ALL P - UNINST does not exist]LOG]!><time="11:49:36.350+120" date="9-8-2015" component="import-apps.ps1" context="ACAG\s300scc001" type="1" thread="11" file="">
<![LOG[Start to create Testapp_1.1.0_MUI_ALTANA_001_ALL P - UNINST]LOG]!><time="11:49:36.374+120" date="9-8-2015" component="import-apps.ps1" context="ACAG\s300scc001" type="1" thread="11" file="">
<![LOG[Testapp_1.1.0_MUI_ALTANA_001_ALL P - UNINST created. Will add Query and Exclusion]LOG]!><time="11:49:36.969+120" date="9-8-2015" component="import-apps.ps1" context="ACAG\s300scc001" type="1" thread="11" file="">
<![LOG[Collection Testapp_1.1.0_MUI_ALTANA_001_ALL P - AUTH excluded in collection Testapp_1.1.0_MUI_ALTANA_001_ALL P - UNINST.]LOG]!><time="11:49:37.450+120" date="9-8-2015" component="import-apps.ps1" context="ACAG\s300scc001" type="1" thread="11" file="">
<![LOG[Added query membership rule Testapp_1.1.0_MUI_ALTANA_001_ALL P - UNINST to collection Testapp_1.1.0_MUI_ALTANA_001_ALL P - UNINST with following expression: select *  from  SMS_R_System inner join SMS_G_System_MICROSOFT_Altana_Packages_1_1 on SMS_G_System_MICROSOFT_Altana_Packages_1_1.ResourceId = SMS_R_System.ResourceId where SMS_G_System_MICROSOFT_Altana_Packages_1_1.KeyName = "Testapp_1.1.0_MUI_ALTANA_001_ALL P" and SMS_G_System_MICROSOFT_Altana_Packages_1_1.Result = "SUCCESS"]LOG]!><time="11:49:37.736+120" date="9-8-2015" component="import-apps.ps1" context="ACAG\s300scc001" type="1" thread="11" file="">
<![LOG[Install Deployment for Testapp_1.1.0_MUI_ALTANA_001_ALL P on collection Testapp_1.1.0_MUI_ALTANA_001_ALL P - AUTH does not exist]LOG]!><time="11:49:37.991+120" date="9-8-2015" component="import-apps.ps1" context="ACAG\s300scc001" type="1" thread="11" file="">
<![LOG[Start to create deployment on Testapp_1.1.0_MUI_ALTANA_001_ALL P - AUTH for install application Testapp_1.1.0_MUI_ALTANA_001_ALL P]LOG]!><time="11:49:37.994+120" date="9-8-2015" component="import-apps.ps1" context="ACAG\s300scc001" type="1" thread="11" file="">
<![LOG[Deployment on Testapp_1.1.0_MUI_ALTANA_001_ALL P - AUTH for install application Testapp_1.1.0_MUI_ALTANA_001_ALL P created successfully]LOG]!><time="11:49:40.608+120" date="9-8-2015" component="import-apps.ps1" context="ACAG\s300scc001" type="1" thread="11" file="">
<![LOG[Uninstall Deployment for Testapp_1.1.0_MUI_ALTANA_001_ALL P on collection Testapp_1.1.0_MUI_ALTANA_001_ALL P - UNINST does not exist]LOG]!><time="11:49:40.846+120" date="9-8-2015" component="import-apps.ps1" context="ACAG\s300scc001" type="1" thread="11" file="">
<![LOG[Start to create deployment on Testapp_1.1.0_MUI_ALTANA_001_ALL P - UNINST for uninstall application Testapp_1.1.0_MUI_ALTANA_001_ALL P]LOG]!><time="11:49:40.852+120" date="9-8-2015" component="import-apps.ps1" context="ACAG\s300scc001" type="1" thread="11" file="">
<![LOG[Deployment on Testapp_1.1.0_MUI_ALTANA_001_ALL P - UNINST for uninstall application Testapp_1.1.0_MUI_ALTANA_001_ALL P created successfully]LOG]!><time="11:49:43.363+120" date="9-8-2015" component="import-apps.ps1" context="ACAG\s300scc001" type="1" thread="11" file="">
<![LOG[Testapp_1.1.0_MUI_ALTANA_001_ALL P imported successfully]LOG]!><time="11:49:43.366+120" date="9-8-2015" component="import-apps.ps1" context="ACAG\s300scc001" type="1" thread="11" file="">
<![LOG[@{Name=Testapp_1.1.0_MUI_ALTANA_001_ALL P} selected]LOG]!><time="13:41:50.172+120" date="9-8-2015" component="import-apps.ps1" context="ACAG\s300scc001" type="1" thread="11" file="">
<![LOG[Testapp_1.1.0_MUI_ALTANA_001_ALL P does not exist]LOG]!><time="13:42:02.386+120" date="9-8-2015" component="import-apps.ps1" context="ACAG\s300scc001" type="1" thread="11" file="">
<![LOG[Start to create Testapp_1.1.0_MUI_ALTANA_001_ALL P]LOG]!><time="13:42:02.389+120" date="9-8-2015" component="import-apps.ps1" context="ACAG\s300scc001" type="1" thread="11" file="">
<![LOG[Version is 1.1.0_001]LOG]!><time="13:42:02.391+120" date="9-8-2015" component="import-apps.ps1" context="ACAG\s300scc001" type="1" thread="11" file="">
<![LOG[Publisher is ALTANA]LOG]!><time="13:42:02.394+120" date="9-8-2015" component="import-apps.ps1" context="ACAG\s300scc001" type="1" thread="11" file="">
<![LOG[Check whether \\DEHNM-SCC-TV101\applications$\Testapp_1.1.0_MUI_ALTANA_001_ALL P\_Icon exists]LOG]!><time="13:42:02.397+120" date="9-8-2015" component="import-apps.ps1" context="ACAG\s300scc001" type="1" thread="11" file="">
<![LOG[\\DEHNM-SCC-TV101\applications$\Testapp_1.1.0_MUI_ALTANA_001_ALL P\_Icon exists.]LOG]!><time="13:42:02.400+120" date="9-8-2015" component="import-apps.ps1" context="ACAG\s300scc001" type="1" thread="11" file="">
<![LOG[sccm.jpg found in folder \\DEHNM-SCC-TV101\applications$\Testapp_1.1.0_MUI_ALTANA_001_ALL P\_Icon]LOG]!><time="13:42:02.405+120" date="9-8-2015" component="import-apps.ps1" context="ACAG\s300scc001" type="1" thread="11" file="">
<![LOG[Will create application Testapp_1.1.0_MUI_ALTANA_001_ALL P]LOG]!><time="13:42:02.407+120" date="9-8-2015" component="import-apps.ps1" context="ACAG\s300scc001" type="1" thread="11" file="">
<![LOG[Application Testapp_1.1.0_MUI_ALTANA_001_ALL P created with Icon]LOG]!><time="13:42:05.767+120" date="9-8-2015" component="import-apps.ps1" context="ACAG\s300scc001" type="1" thread="11" file="">
<![LOG[Moved Testapp_1.1.0_MUI_ALTANA_001_ALL P to T00 - (B) Software Deployment successfully]LOG]!><time="13:42:06.285+120" date="9-8-2015" component="import-apps.ps1" context="ACAG\s300scc001" type="1" thread="11" file="">
<![LOG[Deployment Type Install for Testapp_1.1.0_MUI_ALTANA_001_ALL P does not exist]LOG]!><time="13:42:07.254+120" date="9-8-2015" component="import-apps.ps1" context="ACAG\s300scc001" type="1" thread="11" file="">
<![LOG[Create deployment type for application Testapp_1.1.0_MUI_ALTANA_001_ALL P]LOG]!><time="13:42:07.258+120" date="9-8-2015" component="import-apps.ps1" context="ACAG\s300scc001" type="1" thread="11" file="">
<![LOG[Deployment type for application Testapp_1.1.0_MUI_ALTANA_001_ALL P created]LOG]!><time="13:42:12.324+120" date="9-8-2015" component="import-apps.ps1" context="ACAG\s300scc001" type="1" thread="11" file="">
<![LOG[Modify detection rule afterwards. Use following information for detection method]LOG]!><time="13:42:12.326+120" date="9-8-2015" component="import-apps.ps1" context="ACAG\s300scc001" type="2" thread="11" file="">
<![LOG[Hive: HKEY_LOCAL_MACHINE]LOG]!><time="13:42:12.329+120" date="9-8-2015" component="import-apps.ps1" context="ACAG\s300scc001" type="2" thread="11" file="">
<![LOG[Key: Software\Altana\Packages\Testapp_1.1.0_MUI_ALTANA_001_ALL P]LOG]!><time="13:42:12.344+120" date="9-8-2015" component="import-apps.ps1" context="ACAG\s300scc001" type="2" thread="11" file="">
<![LOG[Value: Result]LOG]!><time="13:42:12.348+120" date="9-8-2015" component="import-apps.ps1" context="ACAG\s300scc001" type="2" thread="11" file="">
<![LOG[Select "This registry setting must satisfy the following rule to indicate the presence of this application"]LOG]!><time="13:42:12.350+120" date="9-8-2015" component="import-apps.ps1" context="ACAG\s300scc001" type="2" thread="11" file="">
<![LOG[Data Type: String]LOG]!><time="13:42:12.353+120" date="9-8-2015" component="import-apps.ps1" context="ACAG\s300scc001" type="2" thread="11" file="">
<![LOG[Select "This registry key is associated with a 32-bit application on 64-bit systems"]LOG]!><time="13:42:12.355+120" date="9-8-2015" component="import-apps.ps1" context="ACAG\s300scc001" type="2" thread="11" file="">
<![LOG[Operator: Equals]LOG]!><time="13:42:12.357+120" date="9-8-2015" component="import-apps.ps1" context="ACAG\s300scc001" type="2" thread="11" file="">
<![LOG[Value: Success]LOG]!><time="13:42:12.359+120" date="9-8-2015" component="import-apps.ps1" context="ACAG\s300scc001" type="2" thread="11" file="">
<![LOG[Distribute content of application Testapp_1.1.0_MUI_ALTANA_001_ALL P to DP group 01 - TEST]LOG]!><time="13:42:12.365+120" date="9-8-2015" component="import-apps.ps1" context="ACAG\s300scc001" type="1" thread="11" file="">
<![LOG[Content of application Testapp_1.1.0_MUI_ALTANA_001_ALL P distributed to DP group 01 - TEST sucessfully initialized]LOG]!><time="13:42:13.713+120" date="9-8-2015" component="import-apps.ps1" context="ACAG\s300scc001" type="1" thread="11" file="">
<![LOG[Testapp_1.1.0_MUI_ALTANA_001_ALL P - AUTH does not exist]LOG]!><time="13:42:13.799+120" date="9-8-2015" component="import-apps.ps1" context="ACAG\s300scc001" type="1" thread="11" file="">
<![LOG[Start to create Testapp_1.1.0_MUI_ALTANA_001_ALL P - AUTH]LOG]!><time="13:42:13.803+120" date="9-8-2015" component="import-apps.ps1" context="ACAG\s300scc001" type="1" thread="11" file="">
<![LOG[Testapp_1.1.0_MUI_ALTANA_001_ALL P - AUTH created]LOG]!><time="13:42:14.506+120" date="9-8-2015" component="import-apps.ps1" context="ACAG\s300scc001" type="1" thread="11" file="">
<![LOG[Testapp_1.1.0_MUI_ALTANA_001_ALL P - UNINST does not exist]LOG]!><time="13:42:14.584+120" date="9-8-2015" component="import-apps.ps1" context="ACAG\s300scc001" type="1" thread="11" file="">
<![LOG[Start to create Testapp_1.1.0_MUI_ALTANA_001_ALL P - UNINST]LOG]!><time="13:42:14.587+120" date="9-8-2015" component="import-apps.ps1" context="ACAG\s300scc001" type="1" thread="11" file="">
<![LOG[Testapp_1.1.0_MUI_ALTANA_001_ALL P - UNINST created. Will add Query and Exclusion]LOG]!><time="13:42:15.240+120" date="9-8-2015" component="import-apps.ps1" context="ACAG\s300scc001" type="1" thread="11" file="">
<![LOG[Collection Testapp_1.1.0_MUI_ALTANA_001_ALL P - AUTH excluded in collection Testapp_1.1.0_MUI_ALTANA_001_ALL P - UNINST.]LOG]!><time="13:42:15.697+120" date="9-8-2015" component="import-apps.ps1" context="ACAG\s300scc001" type="1" thread="11" file="">
<![LOG[Added query membership rule Testapp_1.1.0_MUI_ALTANA_001_ALL P - UNINST to collection Testapp_1.1.0_MUI_ALTANA_001_ALL P - UNINST with following expression: select *  from  SMS_R_System inner join SMS_G_System_MICROSOFT_Altana_Packages_1_1 on SMS_G_System_MICROSOFT_Altana_Packages_1_1.ResourceId = SMS_R_System.ResourceId where SMS_G_System_MICROSOFT_Altana_Packages_1_1.KeyName = "Testapp_1.1.0_MUI_ALTANA_001_ALL P" and SMS_G_System_MICROSOFT_Altana_Packages_1_1.Result = "SUCCESS"]LOG]!><time="13:42:15.914+120" date="9-8-2015" component="import-apps.ps1" context="ACAG\s300scc001" type="1" thread="11" file="">
<![LOG[Moved Testapp_1.1.0_MUI_ALTANA_001_ALL P - AUTH to T00 - (B) Software Deployment successfully]LOG]!><time="13:42:16.443+120" date="9-8-2015" component="import-apps.ps1" context="ACAG\s300scc001" type="1" thread="11" file="">
<![LOG[Moved Testapp_1.1.0_MUI_ALTANA_001_ALL P - UNINST to T00 - (B) Software Deployment successfully]LOG]!><time="13:42:16.808+120" date="9-8-2015" component="import-apps.ps1" context="ACAG\s300scc001" type="1" thread="11" file="">
<![LOG[Install Deployment for Testapp_1.1.0_MUI_ALTANA_001_ALL P on collection Testapp_1.1.0_MUI_ALTANA_001_ALL P - AUTH does not exist]LOG]!><time="13:42:16.996+120" date="9-8-2015" component="import-apps.ps1" context="ACAG\s300scc001" type="1" thread="11" file="">
<![LOG[Start to create deployment on Testapp_1.1.0_MUI_ALTANA_001_ALL P - AUTH for install application Testapp_1.1.0_MUI_ALTANA_001_ALL P]LOG]!><time="13:42:16.999+120" date="9-8-2015" component="import-apps.ps1" context="ACAG\s300scc001" type="1" thread="11" file="">
<![LOG[Deployment on Testapp_1.1.0_MUI_ALTANA_001_ALL P - AUTH for install application Testapp_1.1.0_MUI_ALTANA_001_ALL P created successfully]LOG]!><time="13:42:20.168+120" date="9-8-2015" component="import-apps.ps1" context="ACAG\s300scc001" type="1" thread="11" file="">
<![LOG[Uninstall Deployment for Testapp_1.1.0_MUI_ALTANA_001_ALL P on collection Testapp_1.1.0_MUI_ALTANA_001_ALL P - UNINST does not exist]LOG]!><time="13:42:20.348+120" date="9-8-2015" component="import-apps.ps1" context="ACAG\s300scc001" type="1" thread="11" file="">
<![LOG[Start to create deployment on Testapp_1.1.0_MUI_ALTANA_001_ALL P - UNINST for uninstall application Testapp_1.1.0_MUI_ALTANA_001_ALL P]LOG]!><time="13:42:20.352+120" date="9-8-2015" component="import-apps.ps1" context="ACAG\s300scc001" type="1" thread="11" file="">
<![LOG[Deployment on Testapp_1.1.0_MUI_ALTANA_001_ALL P - UNINST for uninstall application Testapp_1.1.0_MUI_ALTANA_001_ALL P created successfully]LOG]!><time="13:42:22.152+120" date="9-8-2015" component="import-apps.ps1" context="ACAG\s300scc001" type="1" thread="11" file="">
<![LOG[Testapp_1.1.0_MUI_ALTANA_001_ALL P imported successfully]LOG]!><time="13:42:22.155+120" date="9-8-2015" component="import-apps.ps1" context="ACAG\s300scc001" type="1" thread="11" file="">
<![LOG[@{Name=Testapp_1.1.0_MUI_ALTANA_001_ALL P} selected]LOG]!><time="13:55:28.511+120" date="9-8-2015" component="import-apps.ps1" context="ACAG\s300scc001" type="1" thread="11" file="">
<![LOG[Testapp_1.1.0_MUI_ALTANA_001_ALL P does not exist]LOG]!><time="13:55:30.744+120" date="9-8-2015" component="import-apps.ps1" context="ACAG\s300scc001" type="1" thread="11" file="">
<![LOG[Start to create Testapp_1.1.0_MUI_ALTANA_001_ALL P]LOG]!><time="13:55:30.747+120" date="9-8-2015" component="import-apps.ps1" context="ACAG\s300scc001" type="1" thread="11" file="">
<![LOG[Version is 1.1.0_001]LOG]!><time="13:55:30.749+120" date="9-8-2015" component="import-apps.ps1" context="ACAG\s300scc001" type="1" thread="11" file="">
<![LOG[Publisher is ALTANA]LOG]!><time="13:55:30.752+120" date="9-8-2015" component="import-apps.ps1" context="ACAG\s300scc001" type="1" thread="11" file="">
<![LOG[Check whether \\DEHNM-SCC-TV101\applications$\Testapp_1.1.0_MUI_ALTANA_001_ALL P\_Icon exists]LOG]!><time="13:55:30.754+120" date="9-8-2015" component="import-apps.ps1" context="ACAG\s300scc001" type="1" thread="11" file="">
<![LOG[\\DEHNM-SCC-TV101\applications$\Testapp_1.1.0_MUI_ALTANA_001_ALL P\_Icon exists.]LOG]!><time="13:55:30.760+120" date="9-8-2015" component="import-apps.ps1" context="ACAG\s300scc001" type="1" thread="11" file="">
<![LOG[sccm.jpg found in folder \\DEHNM-SCC-TV101\applications$\Testapp_1.1.0_MUI_ALTANA_001_ALL P\_Icon]LOG]!><time="13:55:30.766+120" date="9-8-2015" component="import-apps.ps1" context="ACAG\s300scc001" type="1" thread="11" file="">
<![LOG[Will create application Testapp_1.1.0_MUI_ALTANA_001_ALL P]LOG]!><time="13:55:30.768+120" date="9-8-2015" component="import-apps.ps1" context="ACAG\s300scc001" type="1" thread="11" file="">
<![LOG[Application Testapp_1.1.0_MUI_ALTANA_001_ALL P created with Icon]LOG]!><time="13:55:32.908+120" date="9-8-2015" component="import-apps.ps1" context="ACAG\s300scc001" type="1" thread="11" file="">
<![LOG[Moved Testapp_1.1.0_MUI_ALTANA_001_ALL P to T00 - (B) Software Deployment successfully]LOG]!><time="13:55:33.398+120" date="9-8-2015" component="import-apps.ps1" context="ACAG\s300scc001" type="1" thread="11" file="">
<![LOG[Deployment Type Install for Testapp_1.1.0_MUI_ALTANA_001_ALL P does not exist]LOG]!><time="13:55:34.364+120" date="9-8-2015" component="import-apps.ps1" context="ACAG\s300scc001" type="1" thread="11" file="">
<![LOG[Create deployment type for application Testapp_1.1.0_MUI_ALTANA_001_ALL P]LOG]!><time="13:55:34.367+120" date="9-8-2015" component="import-apps.ps1" context="ACAG\s300scc001" type="1" thread="11" file="">
<![LOG[Deployment type for application Testapp_1.1.0_MUI_ALTANA_001_ALL P created]LOG]!><time="13:55:52.123+120" date="9-8-2015" component="import-apps.ps1" context="ACAG\s300scc001" type="1" thread="11" file="">
<![LOG[Modify detection rule afterwards. Use following information for detection method]LOG]!><time="13:55:52.126+120" date="9-8-2015" component="import-apps.ps1" context="ACAG\s300scc001" type="2" thread="11" file="">
<![LOG[Hive: HKEY_LOCAL_MACHINE]LOG]!><time="13:55:52.130+120" date="9-8-2015" component="import-apps.ps1" context="ACAG\s300scc001" type="2" thread="11" file="">
<![LOG[Key: Software\Altana\Packages\Testapp_1.1.0_MUI_ALTANA_001_ALL P]LOG]!><time="13:55:52.133+120" date="9-8-2015" component="import-apps.ps1" context="ACAG\s300scc001" type="2" thread="11" file="">
<![LOG[Value: Result]LOG]!><time="13:55:52.136+120" date="9-8-2015" component="import-apps.ps1" context="ACAG\s300scc001" type="2" thread="11" file="">
<![LOG[Select "This registry setting must satisfy the following rule to indicate the presence of this application"]LOG]!><time="13:55:52.139+120" date="9-8-2015" component="import-apps.ps1" context="ACAG\s300scc001" type="2" thread="11" file="">
<![LOG[Data Type: String]LOG]!><time="13:55:52.143+120" date="9-8-2015" component="import-apps.ps1" context="ACAG\s300scc001" type="2" thread="11" file="">
<![LOG[Select "This registry key is associated with a 32-bit application on 64-bit systems"]LOG]!><time="13:55:52.145+120" date="9-8-2015" component="import-apps.ps1" context="ACAG\s300scc001" type="2" thread="11" file="">
<![LOG[Operator: Equals]LOG]!><time="13:55:52.148+120" date="9-8-2015" component="import-apps.ps1" context="ACAG\s300scc001" type="2" thread="11" file="">
<![LOG[Value: Success]LOG]!><time="13:55:52.151+120" date="9-8-2015" component="import-apps.ps1" context="ACAG\s300scc001" type="2" thread="11" file="">
<![LOG[Distribute content of application Testapp_1.1.0_MUI_ALTANA_001_ALL P to DP group 01 - TEST]LOG]!><time="13:55:52.156+120" date="9-8-2015" component="import-apps.ps1" context="ACAG\s300scc001" type="1" thread="11" file="">
<![LOG[Content of application Testapp_1.1.0_MUI_ALTANA_001_ALL P distributed to DP group 01 - TEST sucessfully initialized]LOG]!><time="13:55:53.731+120" date="9-8-2015" component="import-apps.ps1" context="ACAG\s300scc001" type="1" thread="11" file="">
<![LOG[Testapp_1.1.0_MUI_ALTANA_001_ALL P - AUTH already exists]LOG]!><time="13:55:53.960+120" date="9-8-2015" component="import-apps.ps1" context="ACAG\s300scc001" type="2" thread="11" file="">
<![LOG[Testapp_1.1.0_MUI_ALTANA_001_ALL P - UNINST already exists]LOG]!><time="13:55:54.247+120" date="9-8-2015" component="import-apps.ps1" context="ACAG\s300scc001" type="2" thread="11" file="">
<![LOG[Moved Testapp_1.1.0_MUI_ALTANA_001_ALL P - AUTH to T00 - (B) Software Deployment successfully]LOG]!><time="13:55:54.853+120" date="9-8-2015" component="import-apps.ps1" context="ACAG\s300scc001" type="1" thread="11" file="">
<![LOG[Moved Testapp_1.1.0_MUI_ALTANA_001_ALL P - UNINST to T00 - (B) Software Deployment successfully]LOG]!><time="13:55:55.225+120" date="9-8-2015" component="import-apps.ps1" context="ACAG\s300scc001" type="1" thread="11" file="">
<![LOG[Install Deployment for Testapp_1.1.0_MUI_ALTANA_001_ALL P on collection Testapp_1.1.0_MUI_ALTANA_001_ALL P - AUTH does not exist]LOG]!><time="13:55:55.383+120" date="9-8-2015" component="import-apps.ps1" context="ACAG\s300scc001" type="1" thread="11" file="">
<![LOG[Start to create deployment on Testapp_1.1.0_MUI_ALTANA_001_ALL P - AUTH for install application Testapp_1.1.0_MUI_ALTANA_001_ALL P]LOG]!><time="13:55:55.386+120" date="9-8-2015" component="import-apps.ps1" context="ACAG\s300scc001" type="1" thread="11" file="">
<![LOG[Deployment on Testapp_1.1.0_MUI_ALTANA_001_ALL P - AUTH for install application Testapp_1.1.0_MUI_ALTANA_001_ALL P created successfully]LOG]!><time="13:55:58.848+120" date="9-8-2015" component="import-apps.ps1" context="ACAG\s300scc001" type="1" thread="11" file="">
<![LOG[Uninstall Deployment for Testapp_1.1.0_MUI_ALTANA_001_ALL P on collection Testapp_1.1.0_MUI_ALTANA_001_ALL P - UNINST does not exist]LOG]!><time="13:55:58.929+120" date="9-8-2015" component="import-apps.ps1" context="ACAG\s300scc001" type="1" thread="11" file="">
<![LOG[Start to create deployment on Testapp_1.1.0_MUI_ALTANA_001_ALL P - UNINST for uninstall application Testapp_1.1.0_MUI_ALTANA_001_ALL P]LOG]!><time="13:55:58.932+120" date="9-8-2015" component="import-apps.ps1" context="ACAG\s300scc001" type="1" thread="11" file="">
<![LOG[Deployment on Testapp_1.1.0_MUI_ALTANA_001_ALL P - UNINST for uninstall application Testapp_1.1.0_MUI_ALTANA_001_ALL P created successfully]LOG]!><time="13:56:01.135+120" date="9-8-2015" component="import-apps.ps1" context="ACAG\s300scc001" type="1" thread="11" file="">
<![LOG[Testapp_1.1.0_MUI_ALTANA_001_ALL P imported successfully]LOG]!><time="13:56:01.138+120" date="9-8-2015" component="import-apps.ps1" context="ACAG\s300scc001" type="1" thread="11" file="">
<![LOG[@{Name=Testapp_1.1.0_MUI_ALTANA_001_ALL P} selected]LOG]!><time="13:56:42.972+120" date="9-8-2015" component="import-apps.ps1" context="ACAG\s300scc001" type="1" thread="11" file="">
<![LOG[Testapp_1.1.0_MUI_ALTANA_001_ALL P already exists]LOG]!><time="13:56:44.416+120" date="9-8-2015" component="import-apps.ps1" context="ACAG\s300scc001" type="2" thread="11" file="">
<![LOG[Moved Testapp_1.1.0_MUI_ALTANA_001_ALL P to T00 - (B) Software Deployment successfully]LOG]!><time="13:56:44.961+120" date="9-8-2015" component="import-apps.ps1" context="ACAG\s300scc001" type="1" thread="11" file="">
<![LOG[Deployment Type Install for Testapp_1.1.0_MUI_ALTANA_001_ALL P already exists]LOG]!><time="13:56:46.198+120" date="9-8-2015" component="import-apps.ps1" context="ACAG\s300scc001" type="2" thread="11" file="">
<![LOG[Distribute content of application Testapp_1.1.0_MUI_ALTANA_001_ALL P to DP group 01 - TEST]LOG]!><time="13:56:46.203+120" date="9-8-2015" component="import-apps.ps1" context="ACAG\s300scc001" type="1" thread="11" file="">
<![LOG[Failed to distribute content of Testapp_1.1.0_MUI_ALTANA_001_ALL P to 01 - TEST]LOG]!><time="13:56:47.396+120" date="9-8-2015" component="import-apps.ps1" context="ACAG\s300scc001" type="3" thread="11" file="">
<![LOG[Continue neverthless]LOG]!><time="13:56:47.399+120" date="9-8-2015" component="import-apps.ps1" context="ACAG\s300scc001" type="2" thread="11" file="">
<![LOG[No content destination was found. This can happen when an invalid collection, distribution point, or distribution point is specified or if the content has already been distributed to the specified destination.]LOG]!><time="13:56:47.401+120" date="9-8-2015" component="import-apps.ps1" context="ACAG\s300scc001" type="3" thread="11" file="">
<![LOG[Testapp_1.1.0_MUI_ALTANA_001_ALL P - AUTH already exists]LOG]!><time="13:56:47.496+120" date="9-8-2015" component="import-apps.ps1" context="ACAG\s300scc001" type="2" thread="11" file="">
<![LOG[Testapp_1.1.0_MUI_ALTANA_001_ALL P - UNINST already exists]LOG]!><time="13:56:47.613+120" date="9-8-2015" component="import-apps.ps1" context="ACAG\s300scc001" type="2" thread="11" file="">
<![LOG[Moved Testapp_1.1.0_MUI_ALTANA_001_ALL P - AUTH to T00 - (B) Software Deployment successfully]LOG]!><time="13:56:48.152+120" date="9-8-2015" component="import-apps.ps1" context="ACAG\s300scc001" type="1" thread="11" file="">
<![LOG[Moved Testapp_1.1.0_MUI_ALTANA_001_ALL P - UNINST to T00 - (B) Software Deployment successfully]LOG]!><time="13:56:48.441+120" date="9-8-2015" component="import-apps.ps1" context="ACAG\s300scc001" type="1" thread="11" file="">
<![LOG[Install Deployment for Testapp_1.1.0_MUI_ALTANA_001_ALL P on collection Testapp_1.1.0_MUI_ALTANA_001_ALL P - AUTH already exists]LOG]!><time="13:56:48.697+120" date="9-8-2015" component="import-apps.ps1" context="ACAG\s300scc001" type="2" thread="11" file="">
<![LOG[Uninstall Deployment for Testapp_1.1.0_MUI_ALTANA_001_ALL P on collection Testapp_1.1.0_MUI_ALTANA_001_ALL P - UNINST already exists]LOG]!><time="13:56:48.947+120" date="9-8-2015" component="import-apps.ps1" context="ACAG\s300scc001" type="2" thread="11" file="">
<![LOG[Testapp_1.1.0_MUI_ALTANA_001_ALL P imported successfully]LOG]!><time="13:56:48.950+120" date="9-8-2015" component="import-apps.ps1" context="ACAG\s300scc001" type="1" thread="11" file="">
<![LOG[@{Name=Testapp_1.1.0_MUI_ALTANA_001_ALL P} selected]LOG]!><time="14:04:45.905+120" date="9-8-2015" component="import-apps.ps1" context="ACAG\s300scc001" type="1" thread="11" file="">
<![LOG[Testapp_1.1.0_MUI_ALTANA_001_ALL P already exists]LOG]!><time="14:04:47.683+120" date="9-8-2015" component="import-apps.ps1" context="ACAG\s300scc001" type="2" thread="11" file="">
<![LOG[Moved Testapp_1.1.0_MUI_ALTANA_001_ALL P to T00 - (B) Software Deployment successfully]LOG]!><time="14:04:48.770+120" date="9-8-2015" component="import-apps.ps1" context="ACAG\s300scc001" type="1" thread="11" file="">
<![LOG[Deployment Type Install for Testapp_1.1.0_MUI_ALTANA_001_ALL P does not exist]LOG]!><time="14:04:49.624+120" date="9-8-2015" component="import-apps.ps1" context="ACAG\s300scc001" type="1" thread="11" file="">
<![LOG[Create deployment type for application Testapp_1.1.0_MUI_ALTANA_001_ALL P]LOG]!><time="14:04:49.628+120" date="9-8-2015" component="import-apps.ps1" context="ACAG\s300scc001" type="1" thread="11" file="">
<![LOG[Failed to create deployment type]LOG]!><time="14:04:49.636+120" date="9-8-2015" component="import-apps.ps1" context="ACAG\s300scc001" type="3" thread="11" file="">
<![LOG[Parameter set cannot be resolved using the specified named parameters.]LOG]!><time="14:04:49.639+120" date="9-8-2015" component="import-apps.ps1" context="ACAG\s300scc001" type="3" thread="11" file="">
<![LOG[The import of Testapp_1.1.0_MUI_ALTANA_001_ALL P failed]LOG]!><time="14:04:49.642+120" date="9-8-2015" component="import-apps.ps1" context="ACAG\s300scc001" type="3" thread="11" file="">
<![LOG[@{Name=Testapp_1.1.0_MUI_ALTANA_001_ALL P} selected]LOG]!><time="14:07:52.258+120" date="9-8-2015" component="import-apps.ps1" context="ACAG\s300scc001" type="1" thread="11" file="">
<![LOG[Testapp_1.1.0_MUI_ALTANA_001_ALL P already exists]LOG]!><time="14:07:53.653+120" date="9-8-2015" component="import-apps.ps1" context="ACAG\s300scc001" type="2" thread="11" file="">
<![LOG[Moved Testapp_1.1.0_MUI_ALTANA_001_ALL P to T00 - (B) Software Deployment successfully]LOG]!><time="14:07:54.319+120" date="9-8-2015" component="import-apps.ps1" context="ACAG\s300scc001" type="1" thread="11" file="">
<![LOG[Deployment Type Install for Testapp_1.1.0_MUI_ALTANA_001_ALL P does not exist]LOG]!><time="14:07:54.646+120" date="9-8-2015" component="import-apps.ps1" context="ACAG\s300scc001" type="1" thread="11" file="">
<![LOG[Create deployment type for application Testapp_1.1.0_MUI_ALTANA_001_ALL P]LOG]!><time="14:07:54.649+120" date="9-8-2015" component="import-apps.ps1" context="ACAG\s300scc001" type="1" thread="11" file="">
<![LOG[Failed to create deployment type]LOG]!><time="14:07:54.652+120" date="9-8-2015" component="import-apps.ps1" context="ACAG\s300scc001" type="3" thread="11" file="">
<![LOG[Missing an argument for parameter 'AllowClientsToUseFallbackSourceLocationForContent'. Specify a parameter of type 'System.Boolean' and try again.]LOG]!><time="14:07:54.654+120" date="9-8-2015" component="import-apps.ps1" context="ACAG\s300scc001" type="3" thread="11" file="">
<![LOG[The import of Testapp_1.1.0_MUI_ALTANA_001_ALL P failed]LOG]!><time="14:07:54.657+120" date="9-8-2015" component="import-apps.ps1" context="ACAG\s300scc001" type="3" thread="11" file="">
<![LOG[@{Name=Testapp_1.1.0_MUI_ALTANA_001_ALL P} selected]LOG]!><time="14:08:28.956+120" date="9-8-2015" component="import-apps.ps1" context="ACAG\s300scc001" type="1" thread="11" file="">
<![LOG[Testapp_1.1.0_MUI_ALTANA_001_ALL P already exists]LOG]!><time="14:08:30.221+120" date="9-8-2015" component="import-apps.ps1" context="ACAG\s300scc001" type="2" thread="11" file="">
<![LOG[Moved Testapp_1.1.0_MUI_ALTANA_001_ALL P to T00 - (B) Software Deployment successfully]LOG]!><time="14:08:30.714+120" date="9-8-2015" component="import-apps.ps1" context="ACAG\s300scc001" type="1" thread="11" file="">
<![LOG[Deployment Type Install for Testapp_1.1.0_MUI_ALTANA_001_ALL P does not exist]LOG]!><time="14:08:31.065+120" date="9-8-2015" component="import-apps.ps1" context="ACAG\s300scc001" type="1" thread="11" file="">
<![LOG[Create deployment type for application Testapp_1.1.0_MUI_ALTANA_001_ALL P]LOG]!><time="14:08:31.069+120" date="9-8-2015" component="import-apps.ps1" context="ACAG\s300scc001" type="1" thread="11" file="">
<![LOG[Failed to create deployment type]LOG]!><time="14:08:31.072+120" date="9-8-2015" component="import-apps.ps1" context="ACAG\s300scc001" type="3" thread="11" file="">
<![LOG[Parameter set cannot be resolved using the specified named parameters.]LOG]!><time="14:08:31.074+120" date="9-8-2015" component="import-apps.ps1" context="ACAG\s300scc001" type="3" thread="11" file="">
<![LOG[The import of Testapp_1.1.0_MUI_ALTANA_001_ALL P failed]LOG]!><time="14:08:31.077+120" date="9-8-2015" component="import-apps.ps1" context="ACAG\s300scc001" type="3" thread="11" file="">
<![LOG[@{Name=Testapp_1.1.0_MUI_ALTANA_001_ALL P} selected]LOG]!><time="14:09:30.797+120" date="9-8-2015" component="import-apps.ps1" context="ACAG\s300scc001" type="1" thread="11" file="">
<![LOG[Testapp_1.1.0_MUI_ALTANA_001_ALL P already exists]LOG]!><time="14:09:32.267+120" date="9-8-2015" component="import-apps.ps1" context="ACAG\s300scc001" type="2" thread="11" file="">
<![LOG[Moved Testapp_1.1.0_MUI_ALTANA_001_ALL P to T00 - (B) Software Deployment successfully]LOG]!><time="14:09:32.723+120" date="9-8-2015" component="import-apps.ps1" context="ACAG\s300scc001" type="1" thread="11" file="">
<![LOG[Deployment Type Install for Testapp_1.1.0_MUI_ALTANA_001_ALL P does not exist]LOG]!><time="14:09:33.002+120" date="9-8-2015" component="import-apps.ps1" context="ACAG\s300scc001" type="1" thread="11" file="">
<![LOG[Create deployment type for application Testapp_1.1.0_MUI_ALTANA_001_ALL P]LOG]!><time="14:09:33.005+120" date="9-8-2015" component="import-apps.ps1" context="ACAG\s300scc001" type="1" thread="11" file="">
<![LOG[Failed to create deployment type]LOG]!><time="14:09:33.023+120" date="9-8-2015" component="import-apps.ps1" context="ACAG\s300scc001" type="3" thread="11" file="">
<![LOG[Parameter set cannot be resolved using the specified named parameters.]LOG]!><time="14:09:33.025+120" date="9-8-2015" component="import-apps.ps1" context="ACAG\s300scc001" type="3" thread="11" file="">
<![LOG[The import of Testapp_1.1.0_MUI_ALTANA_001_ALL P failed]LOG]!><time="14:09:33.029+120" date="9-8-2015" component="import-apps.ps1" context="ACAG\s300scc001" type="3" thread="11" file="">
<![LOG[@{Name=Testapp_1.1.0_MUI_ALTANA_001_ALL P} selected]LOG]!><time="14:12:11.730+120" date="9-8-2015" component="import-apps.ps1" context="ACAG\s300scc001" type="1" thread="11" file="">
<![LOG[Testapp_1.1.0_MUI_ALTANA_001_ALL P already exists]LOG]!><time="14:12:13.096+120" date="9-8-2015" component="import-apps.ps1" context="ACAG\s300scc001" type="2" thread="11" file="">
<![LOG[Moved Testapp_1.1.0_MUI_ALTANA_001_ALL P to T00 - (B) Software Deployment successfully]LOG]!><time="14:12:13.589+120" date="9-8-2015" component="import-apps.ps1" context="ACAG\s300scc001" type="1" thread="11" file="">
<![LOG[Deployment Type Install for Testapp_1.1.0_MUI_ALTANA_001_ALL P does not exist]LOG]!><time="14:12:13.894+120" date="9-8-2015" component="import-apps.ps1" context="ACAG\s300scc001" type="1" thread="11" file="">
<![LOG[Create deployment type for application Testapp_1.1.0_MUI_ALTANA_001_ALL P]LOG]!><time="14:12:13.898+120" date="9-8-2015" component="import-apps.ps1" context="ACAG\s300scc001" type="1" thread="11" file="">
<![LOG[Failed to create deployment type]LOG]!><time="14:12:15.531+120" date="9-8-2015" component="import-apps.ps1" context="ACAG\s300scc001" type="3" thread="11" file="">
<![LOG[Parameter set cannot be resolved using the specified named parameters.]LOG]!><time="14:12:15.534+120" date="9-8-2015" component="import-apps.ps1" context="ACAG\s300scc001" type="3" thread="11" file="">
<![LOG[The import of Testapp_1.1.0_MUI_ALTANA_001_ALL P failed]LOG]!><time="14:12:15.540+120" date="9-8-2015" component="import-apps.ps1" context="ACAG\s300scc001" type="3" thread="11" file="">
<![LOG[@{Name=Testapp_1.1.0_MUI_ALTANA_001_ALL P} selected]LOG]!><time="14:18:59.623+120" date="9-8-2015" component="import-apps.ps1" context="ACAG\s300scc001" type="1" thread="11" file="">
<![LOG[Testapp_1.1.0_MUI_ALTANA_001_ALL P already exists]LOG]!><time="14:19:01.150+120" date="9-8-2015" component="import-apps.ps1" context="ACAG\s300scc001" type="2" thread="11" file="">
<![LOG[Moved Testapp_1.1.0_MUI_ALTANA_001_ALL P to T00 - (B) Software Deployment successfully]LOG]!><time="14:19:01.790+120" date="9-8-2015" component="import-apps.ps1" context="ACAG\s300scc001" type="1" thread="11" file="">
<![LOG[Deployment Type Install for Testapp_1.1.0_MUI_ALTANA_001_ALL P does not exist]LOG]!><time="14:19:03.065+120" date="9-8-2015" component="import-apps.ps1" context="ACAG\s300scc001" type="1" thread="11" file="">
<![LOG[Create deployment type for application Testapp_1.1.0_MUI_ALTANA_001_ALL P]LOG]!><time="14:19:03.086+120" date="9-8-2015" component="import-apps.ps1" context="ACAG\s300scc001" type="1" thread="11" file="">
<![LOG[Deployment type for application Testapp_1.1.0_MUI_ALTANA_001_ALL P created]LOG]!><time="14:19:07.434+120" date="9-8-2015" component="import-apps.ps1" context="ACAG\s300scc001" type="1" thread="11" file="">
<![LOG[Modify detection rule afterwards. Use following information for detection method]LOG]!><time="14:19:07.437+120" date="9-8-2015" component="import-apps.ps1" context="ACAG\s300scc001" type="2" thread="11" file="">
<![LOG[Hive: HKEY_LOCAL_MACHINE]LOG]!><time="14:19:07.439+120" date="9-8-2015" component="import-apps.ps1" context="ACAG\s300scc001" type="2" thread="11" file="">
<![LOG[Key: Software\Altana\Packages\Testapp_1.1.0_MUI_ALTANA_001_ALL P]LOG]!><time="14:19:07.441+120" date="9-8-2015" component="import-apps.ps1" context="ACAG\s300scc001" type="2" thread="11" file="">
<![LOG[Value: Result]LOG]!><time="14:19:07.444+120" date="9-8-2015" component="import-apps.ps1" context="ACAG\s300scc001" type="2" thread="11" file="">
<![LOG[Select "This registry setting must satisfy the following rule to indicate the presence of this application"]LOG]!><time="14:19:07.446+120" date="9-8-2015" component="import-apps.ps1" context="ACAG\s300scc001" type="2" thread="11" file="">
<![LOG[Data Type: String]LOG]!><time="14:19:07.448+120" date="9-8-2015" component="import-apps.ps1" context="ACAG\s300scc001" type="2" thread="11" file="">
<![LOG[Select "This registry key is associated with a 32-bit application on 64-bit systems"]LOG]!><time="14:19:07.450+120" date="9-8-2015" component="import-apps.ps1" context="ACAG\s300scc001" type="2" thread="11" file="">
<![LOG[Operator: Equals]LOG]!><time="14:19:07.452+120" date="9-8-2015" component="import-apps.ps1" context="ACAG\s300scc001" type="2" thread="11" file="">
<![LOG[Value: Success]LOG]!><time="14:19:07.454+120" date="9-8-2015" component="import-apps.ps1" context="ACAG\s300scc001" type="2" thread="11" file="">
<![LOG[Distribute content of application Testapp_1.1.0_MUI_ALTANA_001_ALL P to DP group 01 - TEST]LOG]!><time="14:19:07.459+120" date="9-8-2015" component="import-apps.ps1" context="ACAG\s300scc001" type="1" thread="11" file="">
<![LOG[Failed to distribute content of Testapp_1.1.0_MUI_ALTANA_001_ALL P to 01 - TEST]LOG]!><time="14:19:08.200+120" date="9-8-2015" component="import-apps.ps1" context="ACAG\s300scc001" type="3" thread="11" file="">
<![LOG[Continue neverthless]LOG]!><time="14:19:08.203+120" date="9-8-2015" component="import-apps.ps1" context="ACAG\s300scc001" type="2" thread="11" file="">
<![LOG[No content destination was found. This can happen when an invalid collection, distribution point, or distribution point is specified or if the content has already been distributed to the specified destination.]LOG]!><time="14:19:08.205+120" date="9-8-2015" component="import-apps.ps1" context="ACAG\s300scc001" type="3" thread="11" file="">
<![LOG[Testapp_1.1.0_MUI_ALTANA_001_ALL P - AUTH already exists]LOG]!><time="14:19:08.316+120" date="9-8-2015" component="import-apps.ps1" context="ACAG\s300scc001" type="2" thread="11" file="">
<![LOG[Testapp_1.1.0_MUI_ALTANA_001_ALL P - UNINST already exists]LOG]!><time="14:19:08.417+120" date="9-8-2015" component="import-apps.ps1" context="ACAG\s300scc001" type="2" thread="11" file="">
<![LOG[Moved Testapp_1.1.0_MUI_ALTANA_001_ALL P - AUTH to T00 - (B) Software Deployment successfully]LOG]!><time="14:19:09.256+120" date="9-8-2015" component="import-apps.ps1" context="ACAG\s300scc001" type="1" thread="11" file="">
<![LOG[Moved Testapp_1.1.0_MUI_ALTANA_001_ALL P - UNINST to T00 - (B) Software Deployment successfully]LOG]!><time="14:19:09.684+120" date="9-8-2015" component="import-apps.ps1" context="ACAG\s300scc001" type="1" thread="11" file="">
<![LOG[Install Deployment for Testapp_1.1.0_MUI_ALTANA_001_ALL P on collection Testapp_1.1.0_MUI_ALTANA_001_ALL P - AUTH does not exist]LOG]!><time="14:19:09.933+120" date="9-8-2015" component="import-apps.ps1" context="ACAG\s300scc001" type="1" thread="11" file="">
<![LOG[Start to create deployment on Testapp_1.1.0_MUI_ALTANA_001_ALL P - AUTH for install application Testapp_1.1.0_MUI_ALTANA_001_ALL P]LOG]!><time="14:19:09.953+120" date="9-8-2015" component="import-apps.ps1" context="ACAG\s300scc001" type="1" thread="11" file="">
<![LOG[Deployment on Testapp_1.1.0_MUI_ALTANA_001_ALL P - AUTH for install application Testapp_1.1.0_MUI_ALTANA_001_ALL P created successfully]LOG]!><time="14:19:12.453+120" date="9-8-2015" component="import-apps.ps1" context="ACAG\s300scc001" type="1" thread="11" file="">
<![LOG[Uninstall Deployment for Testapp_1.1.0_MUI_ALTANA_001_ALL P on collection Testapp_1.1.0_MUI_ALTANA_001_ALL P - UNINST does not exist]LOG]!><time="14:19:12.531+120" date="9-8-2015" component="import-apps.ps1" context="ACAG\s300scc001" type="1" thread="11" file="">
<![LOG[Start to create deployment on Testapp_1.1.0_MUI_ALTANA_001_ALL P - UNINST for uninstall application Testapp_1.1.0_MUI_ALTANA_001_ALL P]LOG]!><time="14:19:12.534+120" date="9-8-2015" component="import-apps.ps1" context="ACAG\s300scc001" type="1" thread="11" file="">
<![LOG[Deployment on Testapp_1.1.0_MUI_ALTANA_001_ALL P - UNINST for uninstall application Testapp_1.1.0_MUI_ALTANA_001_ALL P created successfully]LOG]!><time="14:19:14.939+120" date="9-8-2015" component="import-apps.ps1" context="ACAG\s300scc001" type="1" thread="11" file="">
<![LOG[Testapp_1.1.0_MUI_ALTANA_001_ALL P imported successfully]LOG]!><time="14:19:14.942+120" date="9-8-2015" component="import-apps.ps1" context="ACAG\s300scc001" type="1" thread="11" file="">
<![LOG[@{Name=Testapp_1.1.0_MUI_ALTANA_001_ALL P} selected]LOG]!><time="14:24:23.329+120" date="9-8-2015" component="import-apps.ps1" context="ACAG\s300scc001" type="1" thread="11" file="">
<![LOG[Testapp_1.1.0_MUI_ALTANA_001_ALL P already exists]LOG]!><time="14:24:24.860+120" date="9-8-2015" component="import-apps.ps1" context="ACAG\s300scc001" type="2" thread="11" file="">
<![LOG[Moved Testapp_1.1.0_MUI_ALTANA_001_ALL P to T00 - (B) Software Deployment successfully]LOG]!><time="14:24:25.702+120" date="9-8-2015" component="import-apps.ps1" context="ACAG\s300scc001" type="1" thread="11" file="">
<![LOG[Deployment Type Install for Testapp_1.1.0_MUI_ALTANA_001_ALL P does not exist]LOG]!><time="14:24:26.843+120" date="9-8-2015" component="import-apps.ps1" context="ACAG\s300scc001" type="1" thread="11" file="">
<![LOG[Create deployment type for application Testapp_1.1.0_MUI_ALTANA_001_ALL P]LOG]!><time="14:24:26.848+120" date="9-8-2015" component="import-apps.ps1" context="ACAG\s300scc001" type="1" thread="11" file="">
<![LOG[Deployment type for application Testapp_1.1.0_MUI_ALTANA_001_ALL P created]LOG]!><time="14:24:32.147+120" date="9-8-2015" component="import-apps.ps1" context="ACAG\s300scc001" type="1" thread="11" file="">
<![LOG[Modify detection rule afterwards. Use following information for detection method]LOG]!><time="14:24:32.149+120" date="9-8-2015" component="import-apps.ps1" context="ACAG\s300scc001" type="2" thread="11" file="">
<![LOG[Hive: HKEY_LOCAL_MACHINE]LOG]!><time="14:24:32.151+120" date="9-8-2015" component="import-apps.ps1" context="ACAG\s300scc001" type="2" thread="11" file="">
<![LOG[Key: Software\Altana\Packages\Testapp_1.1.0_MUI_ALTANA_001_ALL P]LOG]!><time="14:24:32.154+120" date="9-8-2015" component="import-apps.ps1" context="ACAG\s300scc001" type="2" thread="11" file="">
<![LOG[Value: Result]LOG]!><time="14:24:32.156+120" date="9-8-2015" component="import-apps.ps1" context="ACAG\s300scc001" type="2" thread="11" file="">
<![LOG[Select "This registry setting must satisfy the following rule to indicate the presence of this application"]LOG]!><time="14:24:32.159+120" date="9-8-2015" component="import-apps.ps1" context="ACAG\s300scc001" type="2" thread="11" file="">
<![LOG[Data Type: String]LOG]!><time="14:24:32.162+120" date="9-8-2015" component="import-apps.ps1" context="ACAG\s300scc001" type="2" thread="11" file="">
<![LOG[Select "This registry key is associated with a 32-bit application on 64-bit systems"]LOG]!><time="14:24:32.178+120" date="9-8-2015" component="import-apps.ps1" context="ACAG\s300scc001" type="2" thread="11" file="">
<![LOG[Operator: Equals]LOG]!><time="14:24:32.187+120" date="9-8-2015" component="import-apps.ps1" context="ACAG\s300scc001" type="2" thread="11" file="">
<![LOG[Value: Success]LOG]!><time="14:24:32.190+120" date="9-8-2015" component="import-apps.ps1" context="ACAG\s300scc001" type="2" thread="11" file="">
<![LOG[Distribute content of application Testapp_1.1.0_MUI_ALTANA_001_ALL P to DP group 01 - TEST]LOG]!><time="14:24:32.195+120" date="9-8-2015" component="import-apps.ps1" context="ACAG\s300scc001" type="1" thread="11" file="">
<![LOG[Failed to distribute content of Testapp_1.1.0_MUI_ALTANA_001_ALL P to 01 - TEST]LOG]!><time="14:24:33.143+120" date="9-8-2015" component="import-apps.ps1" context="ACAG\s300scc001" type="3" thread="11" file="">
<![LOG[Continue neverthless]LOG]!><time="14:24:33.146+120" date="9-8-2015" component="import-apps.ps1" context="ACAG\s300scc001" type="2" thread="11" file="">
<![LOG[No content destination was found. This can happen when an invalid collection, distribution point, or distribution point is specified or if the content has already been distributed to the specified destination.]LOG]!><time="14:24:33.148+120" date="9-8-2015" component="import-apps.ps1" context="ACAG\s300scc001" type="3" thread="11" file="">
<![LOG[Testapp_1.1.0_MUI_ALTANA_001_ALL P - AUTH already exists]LOG]!><time="14:24:33.502+120" date="9-8-2015" component="import-apps.ps1" context="ACAG\s300scc001" type="2" thread="11" file="">
<![LOG[Testapp_1.1.0_MUI_ALTANA_001_ALL P - UNINST already exists]LOG]!><time="14:24:33.602+120" date="9-8-2015" component="import-apps.ps1" context="ACAG\s300scc001" type="2" thread="11" file="">
<![LOG[Moved Testapp_1.1.0_MUI_ALTANA_001_ALL P - AUTH to T00 - (B) Software Deployment successfully]LOG]!><time="14:24:34.426+120" date="9-8-2015" component="import-apps.ps1" context="ACAG\s300scc001" type="1" thread="11" file="">
<![LOG[Moved Testapp_1.1.0_MUI_ALTANA_001_ALL P - UNINST to T00 - (B) Software Deployment successfully]LOG]!><time="14:24:35.060+120" date="9-8-2015" component="import-apps.ps1" context="ACAG\s300scc001" type="1" thread="11" file="">
<![LOG[Install Deployment for Testapp_1.1.0_MUI_ALTANA_001_ALL P on collection Testapp_1.1.0_MUI_ALTANA_001_ALL P - AUTH does not exist]LOG]!><time="14:24:35.160+120" date="9-8-2015" component="import-apps.ps1" context="ACAG\s300scc001" type="1" thread="11" file="">
<![LOG[Start to create deployment on Testapp_1.1.0_MUI_ALTANA_001_ALL P - AUTH for install application Testapp_1.1.0_MUI_ALTANA_001_ALL P]LOG]!><time="14:24:35.164+120" date="9-8-2015" component="import-apps.ps1" context="ACAG\s300scc001" type="1" thread="11" file="">
<![LOG[Deployment on Testapp_1.1.0_MUI_ALTANA_001_ALL P - AUTH for install application Testapp_1.1.0_MUI_ALTANA_001_ALL P created successfully]LOG]!><time="14:24:39.963+120" date="9-8-2015" component="import-apps.ps1" context="ACAG\s300scc001" type="1" thread="11" file="">
<![LOG[Uninstall Deployment for Testapp_1.1.0_MUI_ALTANA_001_ALL P on collection Testapp_1.1.0_MUI_ALTANA_001_ALL P - UNINST does not exist]LOG]!><time="14:24:40.195+120" date="9-8-2015" component="import-apps.ps1" context="ACAG\s300scc001" type="1" thread="11" file="">
<![LOG[Start to create deployment on Testapp_1.1.0_MUI_ALTANA_001_ALL P - UNINST for uninstall application Testapp_1.1.0_MUI_ALTANA_001_ALL P]LOG]!><time="14:24:40.205+120" date="9-8-2015" component="import-apps.ps1" context="ACAG\s300scc001" type="1" thread="11" file="">
<![LOG[Deployment on Testapp_1.1.0_MUI_ALTANA_001_ALL P - UNINST for uninstall application Testapp_1.1.0_MUI_ALTANA_001_ALL P created successfully]LOG]!><time="14:24:45.014+120" date="9-8-2015" component="import-apps.ps1" context="ACAG\s300scc001" type="1" thread="11" file="">
<![LOG[Testapp_1.1.0_MUI_ALTANA_001_ALL P imported successfully]LOG]!><time="14:24:45.017+120" date="9-8-2015" component="import-apps.ps1" context="ACAG\s300scc001" type="1" thread="11" file="">
<![LOG[@{Name=Testapp_1.1.0_MUI_ALTANA_001_ALL P} selected]LOG]!><time="14:33:43.844+120" date="9-8-2015" component="import-apps.ps1" context="ACAG\s300scc001" type="1" thread="11" file="">
<![LOG[Testapp_1.1.0_MUI_ALTANA_001_ALL P does not exist]LOG]!><time="14:33:45.492+120" date="9-8-2015" component="import-apps.ps1" context="ACAG\s300scc001" type="1" thread="11" file="">
<![LOG[Start to create Testapp_1.1.0_MUI_ALTANA_001_ALL P]LOG]!><time="14:33:45.495+120" date="9-8-2015" component="import-apps.ps1" context="ACAG\s300scc001" type="1" thread="11" file="">
<![LOG[Version is 1.1.0_001]LOG]!><time="14:33:45.497+120" date="9-8-2015" component="import-apps.ps1" context="ACAG\s300scc001" type="1" thread="11" file="">
<![LOG[Publisher is ALTANA]LOG]!><time="14:33:45.499+120" date="9-8-2015" component="import-apps.ps1" context="ACAG\s300scc001" type="1" thread="11" file="">
<![LOG[Check whether \\DEHNM-SCC-TV101\applications$\Testapp_1.1.0_MUI_ALTANA_001_ALL P\_Icon exists]LOG]!><time="14:33:45.502+120" date="9-8-2015" component="import-apps.ps1" context="ACAG\s300scc001" type="1" thread="11" file="">
<![LOG[\\DEHNM-SCC-TV101\applications$\Testapp_1.1.0_MUI_ALTANA_001_ALL P\_Icon exists.]LOG]!><time="14:33:45.509+120" date="9-8-2015" component="import-apps.ps1" context="ACAG\s300scc001" type="1" thread="11" file="">
<![LOG[sccm.jpg found in folder \\DEHNM-SCC-TV101\applications$\Testapp_1.1.0_MUI_ALTANA_001_ALL P\_Icon]LOG]!><time="14:33:45.521+120" date="9-8-2015" component="import-apps.ps1" context="ACAG\s300scc001" type="1" thread="11" file="">
<![LOG[Will create application Testapp_1.1.0_MUI_ALTANA_001_ALL P]LOG]!><time="14:33:45.524+120" date="9-8-2015" component="import-apps.ps1" context="ACAG\s300scc001" type="1" thread="11" file="">
<![LOG[Application Testapp_1.1.0_MUI_ALTANA_001_ALL P created with Icon]LOG]!><time="14:33:56.521+120" date="9-8-2015" component="import-apps.ps1" context="ACAG\s300scc001" type="1" thread="11" file="">
<![LOG[Moved Testapp_1.1.0_MUI_ALTANA_001_ALL P to T00 - (B) Software Deployment successfully]LOG]!><time="14:33:56.945+120" date="9-8-2015" component="import-apps.ps1" context="ACAG\s300scc001" type="1" thread="11" file="">
<![LOG[Deployment Type Install for Testapp_1.1.0_MUI_ALTANA_001_ALL P does not exist]LOG]!><time="14:33:57.931+120" date="9-8-2015" component="import-apps.ps1" context="ACAG\s300scc001" type="1" thread="11" file="">
<![LOG[Create deployment type for application Testapp_1.1.0_MUI_ALTANA_001_ALL P]LOG]!><time="14:33:57.934+120" date="9-8-2015" component="import-apps.ps1" context="ACAG\s300scc001" type="1" thread="11" file="">
<![LOG[Failed to create deployment type]LOG]!><time="14:34:07.140+120" date="9-8-2015" component="import-apps.ps1" context="ACAG\s300scc001" type="3" thread="11" file="">
<![LOG[Parameter set cannot be resolved using the specified named parameters.]LOG]!><time="14:34:07.143+120" date="9-8-2015" component="import-apps.ps1" context="ACAG\s300scc001" type="3" thread="11" file="">
<![LOG[The import of Testapp_1.1.0_MUI_ALTANA_001_ALL P failed]LOG]!><time="14:34:07.146+120" date="9-8-2015" component="import-apps.ps1" context="ACAG\s300scc001" type="3" thread="11" file="">
<![LOG[@{Name=Testapp_1.1.0_MUI_ALTANA_001_ALL P} selected]LOG]!><time="14:35:20.235+120" date="9-8-2015" component="import-apps.ps1" context="ACAG\s300scc001" type="1" thread="11" file="">
<![LOG[Testapp_1.1.0_MUI_ALTANA_001_ALL P already exists]LOG]!><time="14:35:22.506+120" date="9-8-2015" component="import-apps.ps1" context="ACAG\s300scc001" type="2" thread="11" file="">
<![LOG[Moved Testapp_1.1.0_MUI_ALTANA_001_ALL P to T00 - (B) Software Deployment successfully]LOG]!><time="14:35:23.148+120" date="9-8-2015" component="import-apps.ps1" context="ACAG\s300scc001" type="1" thread="11" file="">
<![LOG[Deployment Type Install for Testapp_1.1.0_MUI_ALTANA_001_ALL P does not exist]LOG]!><time="14:35:23.927+120" date="9-8-2015" component="import-apps.ps1" context="ACAG\s300scc001" type="1" thread="11" file="">
<![LOG[Create deployment type for application Testapp_1.1.0_MUI_ALTANA_001_ALL P]LOG]!><time="14:35:23.930+120" date="9-8-2015" component="import-apps.ps1" context="ACAG\s300scc001" type="1" thread="11" file="">
<![LOG[Failed to create deployment type]LOG]!><time="14:35:28.132+120" date="9-8-2015" component="import-apps.ps1" context="ACAG\s300scc001" type="3" thread="11" file="">
<![LOG[Parameter set cannot be resolved using the specified named parameters.]LOG]!><time="14:35:28.135+120" date="9-8-2015" component="import-apps.ps1" context="ACAG\s300scc001" type="3" thread="11" file="">
<![LOG[The import of Testapp_1.1.0_MUI_ALTANA_001_ALL P failed]LOG]!><time="14:35:28.137+120" date="9-8-2015" component="import-apps.ps1" context="ACAG\s300scc001" type="3" thread="11" file="">
<![LOG[@{Name=Testapp_1.1.0_MUI_ALTANA_001_ALL P} selected]LOG]!><time="14:36:48.511+120" date="9-8-2015" component="import-apps.ps1" context="ACAG\s300scc001" type="1" thread="11" file="">
<![LOG[Testapp_1.1.0_MUI_ALTANA_001_ALL P already exists]LOG]!><time="14:36:50.414+120" date="9-8-2015" component="import-apps.ps1" context="ACAG\s300scc001" type="2" thread="11" file="">
<![LOG[Moved Testapp_1.1.0_MUI_ALTANA_001_ALL P to T00 - (B) Software Deployment successfully]LOG]!><time="14:36:50.885+120" date="9-8-2015" component="import-apps.ps1" context="ACAG\s300scc001" type="1" thread="11" file="">
<![LOG[Deployment Type Install for Testapp_1.1.0_MUI_ALTANA_001_ALL P does not exist]LOG]!><time="14:36:51.441+120" date="9-8-2015" component="import-apps.ps1" context="ACAG\s300scc001" type="1" thread="11" file="">
<![LOG[Create deployment type for application Testapp_1.1.0_MUI_ALTANA_001_ALL P]LOG]!><time="14:36:51.444+120" date="9-8-2015" component="import-apps.ps1" context="ACAG\s300scc001" type="1" thread="11" file="">
<![LOG[Failed to create deployment type]LOG]!><time="14:36:56.931+120" date="9-8-2015" component="import-apps.ps1" context="ACAG\s300scc001" type="3" thread="11" file="">
<![LOG[Missing an argument for parameter 'AllowClientsToUseFallbackSourceLocationForContent'. Specify a parameter of type 'System.Boolean' and try again.]LOG]!><time="14:36:56.934+120" date="9-8-2015" component="import-apps.ps1" context="ACAG\s300scc001" type="3" thread="11" file="">
<![LOG[The import of Testapp_1.1.0_MUI_ALTANA_001_ALL P failed]LOG]!><time="14:36:56.937+120" date="9-8-2015" component="import-apps.ps1" context="ACAG\s300scc001" type="3" thread="11" file="">
<![LOG[@{Name=Testapp_1.1.0_MUI_ALTANA_001_ALL P} selected]LOG]!><time="15:00:20.541+120" date="9-8-2015" component="import-apps.ps1" context="ACAG\s300scc001" type="1" thread="11" file="">
<![LOG[Testapp_1.1.0_MUI_ALTANA_001_ALL P already exists]LOG]!><time="15:00:22.475+120" date="9-8-2015" component="import-apps.ps1" context="ACAG\s300scc001" type="2" thread="11" file="">
<![LOG[Moved Testapp_1.1.0_MUI_ALTANA_001_ALL P to T00 - (B) Software Deployment successfully]LOG]!><time="15:00:23.092+120" date="9-8-2015" component="import-apps.ps1" context="ACAG\s300scc001" type="1" thread="11" file="">
<![LOG[Deployment Type Install for Testapp_1.1.0_MUI_ALTANA_001_ALL P already exists]LOG]!><time="15:00:24.182+120" date="9-8-2015" component="import-apps.ps1" context="ACAG\s300scc001" type="2" thread="11" file="">
<![LOG[Distribute content of application Testapp_1.1.0_MUI_ALTANA_001_ALL P to DP group 01 - TEST]LOG]!><time="15:00:24.188+120" date="9-8-2015" component="import-apps.ps1" context="ACAG\s300scc001" type="1" thread="11" file="">
<![LOG[Content of application Testapp_1.1.0_MUI_ALTANA_001_ALL P distributed to DP group 01 - TEST sucessfully initialized]LOG]!><time="15:00:25.922+120" date="9-8-2015" component="import-apps.ps1" context="ACAG\s300scc001" type="1" thread="11" file="">
<![LOG[Testapp_1.1.0_MUI_ALTANA_001_ALL P - AUTH already exists]LOG]!><time="15:00:26.068+120" date="9-8-2015" component="import-apps.ps1" context="ACAG\s300scc001" type="2" thread="11" file="">
<![LOG[Testapp_1.1.0_MUI_ALTANA_001_ALL P - UNINST already exists]LOG]!><time="15:00:26.172+120" date="9-8-2015" component="import-apps.ps1" context="ACAG\s300scc001" type="2" thread="11" file="">
<![LOG[Moved Testapp_1.1.0_MUI_ALTANA_001_ALL P - AUTH to T00 - (B) Software Deployment successfully]LOG]!><time="15:00:26.827+120" date="9-8-2015" component="import-apps.ps1" context="ACAG\s300scc001" type="1" thread="11" file="">
<![LOG[Moved Testapp_1.1.0_MUI_ALTANA_001_ALL P - UNINST to T00 - (B) Software Deployment successfully]LOG]!><time="15:00:27.122+120" date="9-8-2015" component="import-apps.ps1" context="ACAG\s300scc001" type="1" thread="11" file="">
<![LOG[Install Deployment for Testapp_1.1.0_MUI_ALTANA_001_ALL P on collection Testapp_1.1.0_MUI_ALTANA_001_ALL P - AUTH does not exist]LOG]!><time="15:00:27.450+120" date="9-8-2015" component="import-apps.ps1" context="ACAG\s300scc001" type="1" thread="11" file="">
<![LOG[Start to create deployment on Testapp_1.1.0_MUI_ALTANA_001_ALL P - AUTH for install application Testapp_1.1.0_MUI_ALTANA_001_ALL P]LOG]!><time="15:00:27.453+120" date="9-8-2015" component="import-apps.ps1" context="ACAG\s300scc001" type="1" thread="11" file="">
<![LOG[Deployment on Testapp_1.1.0_MUI_ALTANA_001_ALL P - AUTH for install application Testapp_1.1.0_MUI_ALTANA_001_ALL P created successfully]LOG]!><time="15:00:32.397+120" date="9-8-2015" component="import-apps.ps1" context="ACAG\s300scc001" type="1" thread="11" file="">
<![LOG[Uninstall Deployment for Testapp_1.1.0_MUI_ALTANA_001_ALL P on collection Testapp_1.1.0_MUI_ALTANA_001_ALL P - UNINST does not exist]LOG]!><time="15:00:32.628+120" date="9-8-2015" component="import-apps.ps1" context="ACAG\s300scc001" type="1" thread="11" file="">
<![LOG[Start to create deployment on Testapp_1.1.0_MUI_ALTANA_001_ALL P - UNINST for uninstall application Testapp_1.1.0_MUI_ALTANA_001_ALL P]LOG]!><time="15:00:32.631+120" date="9-8-2015" component="import-apps.ps1" context="ACAG\s300scc001" type="1" thread="11" file="">
<![LOG[Deployment on Testapp_1.1.0_MUI_ALTANA_001_ALL P - UNINST for uninstall application Testapp_1.1.0_MUI_ALTANA_001_ALL P created successfully]LOG]!><time="15:00:34.802+120" date="9-8-2015" component="import-apps.ps1" context="ACAG\s300scc001" type="1" thread="11" file="">
<![LOG[Testapp_1.1.0_MUI_ALTANA_001_ALL P imported successfully]LOG]!><time="15:00:34.841+120" date="9-8-2015" component="import-apps.ps1" context="ACAG\s300scc001" type="1" thread="11" file="">
<![LOG[@{Name=Testapp_1.1.0_MUI_ALTANA_001_ALL P} selected]LOG]!><time="15:01:17.932+120" date="9-8-2015" component="import-apps.ps1" context="ACAG\s300scc001" type="1" thread="11" file="">
<![LOG[Testapp_1.1.0_MUI_ALTANA_001_ALL P already exists]LOG]!><time="15:01:19.328+120" date="9-8-2015" component="import-apps.ps1" context="ACAG\s300scc001" type="2" thread="11" file="">
<![LOG[Moved Testapp_1.1.0_MUI_ALTANA_001_ALL P to T00 - (B) Software Deployment successfully]LOG]!><time="15:01:19.812+120" date="9-8-2015" component="import-apps.ps1" context="ACAG\s300scc001" type="1" thread="11" file="">
<![LOG[Deployment Type Install for Testapp_1.1.0_MUI_ALTANA_001_ALL P already exists]LOG]!><time="15:01:20.470+120" date="9-8-2015" component="import-apps.ps1" context="ACAG\s300scc001" type="2" thread="11" file="">
<![LOG[Distribute content of application Testapp_1.1.0_MUI_ALTANA_001_ALL P to DP group 01 - TEST]LOG]!><time="15:01:20.477+120" date="9-8-2015" component="import-apps.ps1" context="ACAG\s300scc001" type="1" thread="11" file="">
<![LOG[Failed to distribute content of Testapp_1.1.0_MUI_ALTANA_001_ALL P to 01 - TEST]LOG]!><time="15:01:21.632+120" date="9-8-2015" component="import-apps.ps1" context="ACAG\s300scc001" type="3" thread="11" file="">
<![LOG[Continue neverthless]LOG]!><time="15:01:21.635+120" date="9-8-2015" component="import-apps.ps1" context="ACAG\s300scc001" type="2" thread="11" file="">
<![LOG[No content destination was found. This can happen when an invalid collection, distribution point, or distribution point is specified or if the content has already been distributed to the specified destination.]LOG]!><time="15:01:21.637+120" date="9-8-2015" component="import-apps.ps1" context="ACAG\s300scc001" type="3" thread="11" file="">
<![LOG[Testapp_1.1.0_MUI_ALTANA_001_ALL P - AUTH already exists]LOG]!><time="15:01:21.895+120" date="9-8-2015" component="import-apps.ps1" context="ACAG\s300scc001" type="2" thread="11" file="">
<![LOG[Testapp_1.1.0_MUI_ALTANA_001_ALL P - UNINST already exists]LOG]!><time="15:01:22.006+120" date="9-8-2015" component="import-apps.ps1" context="ACAG\s300scc001" type="2" thread="11" file="">
<![LOG[Moved Testapp_1.1.0_MUI_ALTANA_001_ALL P - AUTH to T00 - (B) Software Deployment successfully]LOG]!><time="15:01:22.485+120" date="9-8-2015" component="import-apps.ps1" context="ACAG\s300scc001" type="1" thread="11" file="">
<![LOG[Moved Testapp_1.1.0_MUI_ALTANA_001_ALL P - UNINST to T00 - (B) Software Deployment successfully]LOG]!><time="15:01:22.763+120" date="9-8-2015" component="import-apps.ps1" context="ACAG\s300scc001" type="1" thread="11" file="">
<![LOG[Install Deployment for Testapp_1.1.0_MUI_ALTANA_001_ALL P on collection Testapp_1.1.0_MUI_ALTANA_001_ALL P - AUTH already exists]LOG]!><time="15:01:23.164+120" date="9-8-2015" component="import-apps.ps1" context="ACAG\s300scc001" type="2" thread="11" file="">
<![LOG[Uninstall Deployment for Testapp_1.1.0_MUI_ALTANA_001_ALL P on collection Testapp_1.1.0_MUI_ALTANA_001_ALL P - UNINST already exists]LOG]!><time="15:01:23.537+120" date="9-8-2015" component="import-apps.ps1" context="ACAG\s300scc001" type="2" thread="11" file="">
<![LOG[Testapp_1.1.0_MUI_ALTANA_001_ALL P imported successfully]LOG]!><time="15:01:23.541+120" date="9-8-2015" component="import-apps.ps1" context="ACAG\s300scc001" type="1" thread="11" file="">
<![LOG[@{Name=Testapp_1.1.0_MUI_ALTANA_001_ALL P} selected]LOG]!><time="15:02:16.651+120" date="9-8-2015" component="import-apps.ps1" context="ACAG\s300scc001" type="1" thread="11" file="">
<![LOG[Testapp_1.1.0_MUI_ALTANA_001_ALL P already exists]LOG]!><time="15:02:18.416+120" date="9-8-2015" component="import-apps.ps1" context="ACAG\s300scc001" type="2" thread="11" file="">
<![LOG[Moved Testapp_1.1.0_MUI_ALTANA_001_ALL P to T00 - (B) Software Deployment successfully]LOG]!><time="15:02:19.138+120" date="9-8-2015" component="import-apps.ps1" context="ACAG\s300scc001" type="1" thread="11" file="">
<![LOG[Deployment Type Install for Testapp_1.1.0_MUI_ALTANA_001_ALL P already exists]LOG]!><time="15:02:19.998+120" date="9-8-2015" component="import-apps.ps1" context="ACAG\s300scc001" type="2" thread="11" file="">
<![LOG[Distribute content of application Testapp_1.1.0_MUI_ALTANA_001_ALL P to DP group 01 - TEST]LOG]!><time="15:02:20.005+120" date="9-8-2015" component="import-apps.ps1" context="ACAG\s300scc001" type="1" thread="11" file="">
<![LOG[Failed to distribute content of Testapp_1.1.0_MUI_ALTANA_001_ALL P to 01 - TEST]LOG]!><time="15:02:20.779+120" date="9-8-2015" component="import-apps.ps1" context="ACAG\s300scc001" type="3" thread="11" file="">
<![LOG[Continue neverthless]LOG]!><time="15:02:20.782+120" date="9-8-2015" component="import-apps.ps1" context="ACAG\s300scc001" type="2" thread="11" file="">
<![LOG[No content destination was found. This can happen when an invalid collection, distribution point, or distribution point is specified or if the content has already been distributed to the specified destination.]LOG]!><time="15:02:20.784+120" date="9-8-2015" component="import-apps.ps1" context="ACAG\s300scc001" type="3" thread="11" file="">
<![LOG[Testapp_1.1.0_MUI_ALTANA_001_ALL P - AUTH already exists]LOG]!><time="15:02:21.034+120" date="9-8-2015" component="import-apps.ps1" context="ACAG\s300scc001" type="2" thread="11" file="">
<![LOG[Testapp_1.1.0_MUI_ALTANA_001_ALL P - UNINST already exists]LOG]!><time="15:02:21.474+120" date="9-8-2015" component="import-apps.ps1" context="ACAG\s300scc001" type="2" thread="11" file="">
<![LOG[Moved Testapp_1.1.0_MUI_ALTANA_001_ALL P - AUTH to T00 - (B) Software Deployment successfully]LOG]!><time="15:02:22.409+120" date="9-8-2015" component="import-apps.ps1" context="ACAG\s300scc001" type="1" thread="11" file="">
<![LOG[Moved Testapp_1.1.0_MUI_ALTANA_001_ALL P - UNINST to T00 - (B) Software Deployment successfully]LOG]!><time="15:02:23.102+120" date="9-8-2015" component="import-apps.ps1" context="ACAG\s300scc001" type="1" thread="11" file="">
<![LOG[Install Deployment for Testapp_1.1.0_MUI_ALTANA_001_ALL P on collection Testapp_1.1.0_MUI_ALTANA_001_ALL P - AUTH already exists]LOG]!><time="15:02:23.332+120" date="9-8-2015" component="import-apps.ps1" context="ACAG\s300scc001" type="2" thread="11" file="">
<![LOG[Uninstall Deployment for Testapp_1.1.0_MUI_ALTANA_001_ALL P on collection Testapp_1.1.0_MUI_ALTANA_001_ALL P - UNINST already exists]LOG]!><time="15:02:23.601+120" date="9-8-2015" component="import-apps.ps1" context="ACAG\s300scc001" type="2" thread="11" file="">
<![LOG[Testapp_1.1.0_MUI_ALTANA_001_ALL P imported successfully]LOG]!><time="15:02:23.605+120" date="9-8-2015" component="import-apps.ps1" context="ACAG\s300scc001" type="1" thread="11" file="">
<![LOG[@{Name=Testapp_1.1.0_MUI_ALTANA_001_ALL P} selected]LOG]!><time="15:03:43.103+120" date="9-8-2015" component="import-apps.ps1" context="ACAG\s300scc001" type="1" thread="11" file="">
<![LOG[Testapp_1.1.0_MUI_ALTANA_001_ALL P already exists]LOG]!><time="15:03:44.592+120" date="9-8-2015" component="import-apps.ps1" context="ACAG\s300scc001" type="2" thread="11" file="">
<![LOG[Moved Testapp_1.1.0_MUI_ALTANA_001_ALL P to T00 - (B) Software Deployment successfully]LOG]!><time="15:03:45.192+120" date="9-8-2015" component="import-apps.ps1" context="ACAG\s300scc001" type="1" thread="11" file="">
<![LOG[Deployment Type Install for Testapp_1.1.0_MUI_ALTANA_001_ALL P already exists]LOG]!><time="15:03:45.570+120" date="9-8-2015" component="import-apps.ps1" context="ACAG\s300scc001" type="2" thread="11" file="">
<![LOG[Distribute content of application Testapp_1.1.0_MUI_ALTANA_001_ALL P to DP group 01 - TEST]LOG]!><time="15:03:45.575+120" date="9-8-2015" component="import-apps.ps1" context="ACAG\s300scc001" type="1" thread="11" file="">
<![LOG[Failed to distribute content of Testapp_1.1.0_MUI_ALTANA_001_ALL P to 01 - TEST]LOG]!><time="15:03:46.348+120" date="9-8-2015" component="import-apps.ps1" context="ACAG\s300scc001" type="3" thread="11" file="">
<![LOG[Continue neverthless]LOG]!><time="15:03:46.351+120" date="9-8-2015" component="import-apps.ps1" context="ACAG\s300scc001" type="2" thread="11" file="">
<![LOG[No content destination was found. This can happen when an invalid collection, distribution point, or distribution point is specified or if the content has already been distributed to the specified destination.]LOG]!><time="15:03:46.353+120" date="9-8-2015" component="import-apps.ps1" context="ACAG\s300scc001" type="3" thread="11" file="">
<![LOG[Testapp_1.1.0_MUI_ALTANA_001_ALL P - AUTH already exists]LOG]!><time="15:03:46.583+120" date="9-8-2015" component="import-apps.ps1" context="ACAG\s300scc001" type="2" thread="11" file="">
<![LOG[Testapp_1.1.0_MUI_ALTANA_001_ALL P - UNINST already exists]LOG]!><time="15:03:46.702+120" date="9-8-2015" component="import-apps.ps1" context="ACAG\s300scc001" type="2" thread="11" file="">
<![LOG[Moved Testapp_1.1.0_MUI_ALTANA_001_ALL P - AUTH to T00 - (B) Software Deployment successfully]LOG]!><time="15:03:47.319+120" date="9-8-2015" component="import-apps.ps1" context="ACAG\s300scc001" type="1" thread="11" file="">
<![LOG[Moved Testapp_1.1.0_MUI_ALTANA_001_ALL P - UNINST to T00 - (B) Software Deployment successfully]LOG]!><time="15:03:47.805+120" date="9-8-2015" component="import-apps.ps1" context="ACAG\s300scc001" type="1" thread="11" file="">
<![LOG[Install Deployment for Testapp_1.1.0_MUI_ALTANA_001_ALL P on collection Testapp_1.1.0_MUI_ALTANA_001_ALL P - AUTH already exists]LOG]!><time="15:03:48.117+120" date="9-8-2015" component="import-apps.ps1" context="ACAG\s300scc001" type="2" thread="11" file="">
<![LOG[Uninstall Deployment for Testapp_1.1.0_MUI_ALTANA_001_ALL P on collection Testapp_1.1.0_MUI_ALTANA_001_ALL P - UNINST already exists]LOG]!><time="15:03:48.357+120" date="9-8-2015" component="import-apps.ps1" context="ACAG\s300scc001" type="2" thread="11" file="">
<![LOG[Testapp_1.1.0_MUI_ALTANA_001_ALL P imported successfully]LOG]!><time="15:03:48.389+120" date="9-8-2015" component="import-apps.ps1" context="ACAG\s300scc001" type="1" thread="11" file="">
<![LOG[@{Name=Testapp_1.1.0_MUI_ALTANA_001_ALL P} selected]LOG]!><time="15:05:18.756+120" date="9-8-2015" component="import-apps.ps1" context="ACAG\s300scc001" type="1" thread="11" file="">
<![LOG[Testapp_1.1.0_MUI_ALTANA_001_ALL P already exists]LOG]!><time="15:05:20.211+120" date="9-8-2015" component="import-apps.ps1" context="ACAG\s300scc001" type="2" thread="11" file="">
<![LOG[Moved Testapp_1.1.0_MUI_ALTANA_001_ALL P to T00 - (B) Software Deployment successfully]LOG]!><time="15:05:20.679+120" date="9-8-2015" component="import-apps.ps1" context="ACAG\s300scc001" type="1" thread="11" file="">
<![LOG[Deployment Type Install for Testapp_1.1.0_MUI_ALTANA_001_ALL P already exists]LOG]!><time="15:05:21.215+120" date="9-8-2015" component="import-apps.ps1" context="ACAG\s300scc001" type="2" thread="11" file="">
<![LOG[Distribute content of application Testapp_1.1.0_MUI_ALTANA_001_ALL P to DP group 01 - TEST]LOG]!><time="15:05:21.221+120" date="9-8-2015" component="import-apps.ps1" context="ACAG\s300scc001" type="1" thread="11" file="">
<![LOG[Failed to distribute content of Testapp_1.1.0_MUI_ALTANA_001_ALL P to 01 - TEST]LOG]!><time="15:05:21.688+120" date="9-8-2015" component="import-apps.ps1" context="ACAG\s300scc001" type="3" thread="11" file="">
<![LOG[Continue neverthless]LOG]!><time="15:05:21.691+120" date="9-8-2015" component="import-apps.ps1" context="ACAG\s300scc001" type="2" thread="11" file="">
<![LOG[No content destination was found. This can happen when an invalid collection, distribution point, or distribution point is specified or if the content has already been distributed to the specified destination.]LOG]!><time="15:05:21.693+120" date="9-8-2015" component="import-apps.ps1" context="ACAG\s300scc001" type="3" thread="11" file="">
<![LOG[Testapp_1.1.0_MUI_ALTANA_001_ALL P - AUTH already exists]LOG]!><time="15:05:21.796+120" date="9-8-2015" component="import-apps.ps1" context="ACAG\s300scc001" type="2" thread="11" file="">
<![LOG[Testapp_1.1.0_MUI_ALTANA_001_ALL P - UNINST already exists]LOG]!><time="15:05:21.889+120" date="9-8-2015" component="import-apps.ps1" context="ACAG\s300scc001" type="2" thread="11" file="">
<![LOG[Moved Testapp_1.1.0_MUI_ALTANA_001_ALL P - AUTH to T00 - (B) Software Deployment successfully]LOG]!><time="15:05:22.544+120" date="9-8-2015" component="import-apps.ps1" context="ACAG\s300scc001" type="1" thread="11" file="">
<![LOG[Moved Testapp_1.1.0_MUI_ALTANA_001_ALL P - UNINST to T00 - (B) Software Deployment successfully]LOG]!><time="15:05:23.046+120" date="9-8-2015" component="import-apps.ps1" context="ACAG\s300scc001" type="1" thread="11" file="">
<![LOG[Install Deployment for Testapp_1.1.0_MUI_ALTANA_001_ALL P on collection Testapp_1.1.0_MUI_ALTANA_001_ALL P - AUTH already exists]LOG]!><time="15:05:23.199+120" date="9-8-2015" component="import-apps.ps1" context="ACAG\s300scc001" type="2" thread="11" file="">
<![LOG[Uninstall Deployment for Testapp_1.1.0_MUI_ALTANA_001_ALL P on collection Testapp_1.1.0_MUI_ALTANA_001_ALL P - UNINST already exists]LOG]!><time="15:05:23.439+120" date="9-8-2015" component="import-apps.ps1" context="ACAG\s300scc001" type="2" thread="11" file="">
<![LOG[Testapp_1.1.0_MUI_ALTANA_001_ALL P imported successfully]LOG]!><time="15:05:23.442+120" date="9-8-2015" component="import-apps.ps1" context="ACAG\s300scc001" type="1" thread="11" file="">
<![LOG[@{Name=Testapp_1.1.0_MUI_ALTANA_001_ALL P} selected]LOG]!><time="15:06:53.055+120" date="9-8-2015" component="import-apps.ps1" context="ACAG\s300scc001" type="1" thread="11" file="">
<![LOG[Testapp_1.1.0_MUI_ALTANA_001_ALL P already exists]LOG]!><time="15:06:54.686+120" date="9-8-2015" component="import-apps.ps1" context="ACAG\s300scc001" type="2" thread="11" file="">
<![LOG[Moved Testapp_1.1.0_MUI_ALTANA_001_ALL P to T00 - (B) Software Deployment successfully]LOG]!><time="15:06:55.264+120" date="9-8-2015" component="import-apps.ps1" context="ACAG\s300scc001" type="1" thread="11" file="">
<![LOG[Deployment Type Install for Testapp_1.1.0_MUI_ALTANA_001_ALL P does not exist]LOG]!><time="15:06:56.202+120" date="9-8-2015" component="import-apps.ps1" context="ACAG\s300scc001" type="1" thread="11" file="">
<![LOG[Create deployment type for application Testapp_1.1.0_MUI_ALTANA_001_ALL P]LOG]!><time="15:06:56.205+120" date="9-8-2015" component="import-apps.ps1" context="ACAG\s300scc001" type="1" thread="11" file="">
<![LOG[Deployment type for application Testapp_1.1.0_MUI_ALTANA_001_ALL P created]LOG]!><time="15:07:12.859+120" date="9-8-2015" component="import-apps.ps1" context="ACAG\s300scc001" type="1" thread="11" file="">
<![LOG[Modify detection rule afterwards. Use following information for detection method]LOG]!><time="15:07:12.861+120" date="9-8-2015" component="import-apps.ps1" context="ACAG\s300scc001" type="2" thread="11" file="">
<![LOG[Hive: HKEY_LOCAL_MACHINE]LOG]!><time="15:07:12.863+120" date="9-8-2015" component="import-apps.ps1" context="ACAG\s300scc001" type="2" thread="11" file="">
<![LOG[Key: Software\Altana\Packages\Testapp_1.1.0_MUI_ALTANA_001_ALL P]LOG]!><time="15:07:12.866+120" date="9-8-2015" component="import-apps.ps1" context="ACAG\s300scc001" type="2" thread="11" file="">
<![LOG[Value: Result]LOG]!><time="15:07:12.868+120" date="9-8-2015" component="import-apps.ps1" context="ACAG\s300scc001" type="2" thread="11" file="">
<![LOG[Select "This registry setting must satisfy the following rule to indicate the presence of this application"]LOG]!><time="15:07:12.870+120" date="9-8-2015" component="import-apps.ps1" context="ACAG\s300scc001" type="2" thread="11" file="">
<![LOG[Data Type: String]LOG]!><time="15:07:12.872+120" date="9-8-2015" component="import-apps.ps1" context="ACAG\s300scc001" type="2" thread="11" file="">
<![LOG[Select "This registry key is associated with a 32-bit application on 64-bit systems"]LOG]!><time="15:07:12.874+120" date="9-8-2015" component="import-apps.ps1" context="ACAG\s300scc001" type="2" thread="11" file="">
<![LOG[Operator: Equals]LOG]!><time="15:07:12.876+120" date="9-8-2015" component="import-apps.ps1" context="ACAG\s300scc001" type="2" thread="11" file="">
<![LOG[Value: Success]LOG]!><time="15:07:12.879+120" date="9-8-2015" component="import-apps.ps1" context="ACAG\s300scc001" type="2" thread="11" file="">
<![LOG[Distribute content of application Testapp_1.1.0_MUI_ALTANA_001_ALL P to DP group 01 - TEST]LOG]!><time="15:07:12.967+120" date="9-8-2015" component="import-apps.ps1" context="ACAG\s300scc001" type="1" thread="11" file="">
<![LOG[Failed to distribute content of Testapp_1.1.0_MUI_ALTANA_001_ALL P to 01 - TEST]LOG]!><time="15:07:13.619+120" date="9-8-2015" component="import-apps.ps1" context="ACAG\s300scc001" type="3" thread="11" file="">
<![LOG[Continue neverthless]LOG]!><time="15:07:13.621+120" date="9-8-2015" component="import-apps.ps1" context="ACAG\s300scc001" type="2" thread="11" file="">
<![LOG[No content destination was found. This can happen when an invalid collection, distribution point, or distribution point is specified or if the content has already been distributed to the specified destination.]LOG]!><time="15:07:13.623+120" date="9-8-2015" component="import-apps.ps1" context="ACAG\s300scc001" type="3" thread="11" file="">
<![LOG[Testapp_1.1.0_MUI_ALTANA_001_ALL P - AUTH already exists]LOG]!><time="15:07:13.716+120" date="9-8-2015" component="import-apps.ps1" context="ACAG\s300scc001" type="2" thread="11" file="">
<![LOG[Testapp_1.1.0_MUI_ALTANA_001_ALL P - UNINST already exists]LOG]!><time="15:07:13.816+120" date="9-8-2015" component="import-apps.ps1" context="ACAG\s300scc001" type="2" thread="11" file="">
<![LOG[Moved Testapp_1.1.0_MUI_ALTANA_001_ALL P - AUTH to T00 - (B) Software Deployment successfully]LOG]!><time="15:07:14.396+120" date="9-8-2015" component="import-apps.ps1" context="ACAG\s300scc001" type="1" thread="11" file="">
<![LOG[Moved Testapp_1.1.0_MUI_ALTANA_001_ALL P - UNINST to T00 - (B) Software Deployment successfully]LOG]!><time="15:07:14.850+120" date="9-8-2015" component="import-apps.ps1" context="ACAG\s300scc001" type="1" thread="11" file="">
<![LOG[Install Deployment for Testapp_1.1.0_MUI_ALTANA_001_ALL P on collection Testapp_1.1.0_MUI_ALTANA_001_ALL P - AUTH does not exist]LOG]!><time="15:07:14.943+120" date="9-8-2015" component="import-apps.ps1" context="ACAG\s300scc001" type="1" thread="11" file="">
<![LOG[Start to create deployment on Testapp_1.1.0_MUI_ALTANA_001_ALL P - AUTH for install application Testapp_1.1.0_MUI_ALTANA_001_ALL P]LOG]!><time="15:07:14.947+120" date="9-8-2015" component="import-apps.ps1" context="ACAG\s300scc001" type="1" thread="11" file="">
<![LOG[Deployment on Testapp_1.1.0_MUI_ALTANA_001_ALL P - AUTH for install application Testapp_1.1.0_MUI_ALTANA_001_ALL P created successfully]LOG]!><time="15:07:18.106+120" date="9-8-2015" component="import-apps.ps1" context="ACAG\s300scc001" type="1" thread="11" file="">
<![LOG[Uninstall Deployment for Testapp_1.1.0_MUI_ALTANA_001_ALL P on collection Testapp_1.1.0_MUI_ALTANA_001_ALL P - UNINST does not exist]LOG]!><time="15:07:18.185+120" date="9-8-2015" component="import-apps.ps1" context="ACAG\s300scc001" type="1" thread="11" file="">
<![LOG[Start to create deployment on Testapp_1.1.0_MUI_ALTANA_001_ALL P - UNINST for uninstall application Testapp_1.1.0_MUI_ALTANA_001_ALL P]LOG]!><time="15:07:18.188+120" date="9-8-2015" component="import-apps.ps1" context="ACAG\s300scc001" type="1" thread="11" file="">
<![LOG[Deployment on Testapp_1.1.0_MUI_ALTANA_001_ALL P - UNINST for uninstall application Testapp_1.1.0_MUI_ALTANA_001_ALL P created successfully]LOG]!><time="15:07:20.415+120" date="9-8-2015" component="import-apps.ps1" context="ACAG\s300scc001" type="1" thread="11" file="">
<![LOG[Testapp_1.1.0_MUI_ALTANA_001_ALL P imported successfully]LOG]!><time="15:07:20.418+120" date="9-8-2015" component="import-apps.ps1" context="ACAG\s300scc001" type="1" thread="11" file="">
<![LOG[@{Name=Testapp_1.1.0_MUI_ALTANA_001_ALL P} selected]LOG]!><time="15:09:40.840+120" date="9-8-2015" component="import-apps.ps1" context="ACAG\s300scc001" type="1" thread="11" file="">
<![LOG[Testapp_1.1.0_MUI_ALTANA_001_ALL P already exists]LOG]!><time="15:09:44.506+120" date="9-8-2015" component="import-apps.ps1" context="ACAG\s300scc001" type="2" thread="11" file="">
<![LOG[Moved Testapp_1.1.0_MUI_ALTANA_001_ALL P to T00 - (B) Software Deployment successfully]LOG]!><time="15:09:45.546+120" date="9-8-2015" component="import-apps.ps1" context="ACAG\s300scc001" type="1" thread="11" file="">
<![LOG[Deployment Type Install for Testapp_1.1.0_MUI_ALTANA_001_ALL P does not exist]LOG]!><time="15:09:46.512+120" date="9-8-2015" component="import-apps.ps1" context="ACAG\s300scc001" type="1" thread="11" file="">
<![LOG[Create deployment type for application Testapp_1.1.0_MUI_ALTANA_001_ALL P]LOG]!><time="15:09:46.516+120" date="9-8-2015" component="import-apps.ps1" context="ACAG\s300scc001" type="1" thread="11" file="">
<![LOG[Deployment type for application Testapp_1.1.0_MUI_ALTANA_001_ALL P created]LOG]!><time="15:11:34.603+120" date="9-8-2015" component="import-apps.ps1" context="ACAG\s300scc001" type="1" thread="11" file="">
<![LOG[Modify detection rule afterwards. Use following information for detection method]LOG]!><time="15:11:34.605+120" date="9-8-2015" component="import-apps.ps1" context="ACAG\s300scc001" type="2" thread="11" file="">
<![LOG[Hive: HKEY_LOCAL_MACHINE]LOG]!><time="15:11:34.608+120" date="9-8-2015" component="import-apps.ps1" context="ACAG\s300scc001" type="2" thread="11" file="">
<![LOG[Key: Software\Altana\Packages\Testapp_1.1.0_MUI_ALTANA_001_ALL P]LOG]!><time="15:11:34.611+120" date="9-8-2015" component="import-apps.ps1" context="ACAG\s300scc001" type="2" thread="11" file="">
<![LOG[Value: Result]LOG]!><time="15:11:34.613+120" date="9-8-2015" component="import-apps.ps1" context="ACAG\s300scc001" type="2" thread="11" file="">
<![LOG[Select "This registry setting must satisfy the following rule to indicate the presence of this application"]LOG]!><time="15:11:34.615+120" date="9-8-2015" component="import-apps.ps1" context="ACAG\s300scc001" type="2" thread="11" file="">
<![LOG[Data Type: String]LOG]!><time="15:11:34.621+120" date="9-8-2015" component="import-apps.ps1" context="ACAG\s300scc001" type="2" thread="11" file="">
<![LOG[Select "This registry key is associated with a 32-bit application on 64-bit systems"]LOG]!><time="15:11:34.625+120" date="9-8-2015" component="import-apps.ps1" context="ACAG\s300scc001" type="2" thread="11" file="">
<![LOG[Operator: Equals]LOG]!><time="15:11:34.627+120" date="9-8-2015" component="import-apps.ps1" context="ACAG\s300scc001" type="2" thread="11" file="">
<![LOG[Value: Success]LOG]!><time="15:11:34.629+120" date="9-8-2015" component="import-apps.ps1" context="ACAG\s300scc001" type="2" thread="11" file="">
<![LOG[Distribute content of application Testapp_1.1.0_MUI_ALTANA_001_ALL P to DP group 01 - TEST]LOG]!><time="15:11:34.644+120" date="9-8-2015" component="import-apps.ps1" context="ACAG\s300scc001" type="1" thread="11" file="">
<![LOG[Failed to distribute content of Testapp_1.1.0_MUI_ALTANA_001_ALL P to 01 - TEST]LOG]!><time="15:11:37.854+120" date="9-8-2015" component="import-apps.ps1" context="ACAG\s300scc001" type="3" thread="11" file="">
<![LOG[Continue neverthless]LOG]!><time="15:11:37.857+120" date="9-8-2015" component="import-apps.ps1" context="ACAG\s300scc001" type="2" thread="11" file="">
<![LOG[No content destination was found. This can happen when an invalid collection, distribution point, or distribution point is specified or if the content has already been distributed to the specified destination.]LOG]!><time="15:11:37.859+120" date="9-8-2015" component="import-apps.ps1" context="ACAG\s300scc001" type="3" thread="11" file="">
<![LOG[Testapp_1.1.0_MUI_ALTANA_001_ALL P - AUTH already exists]LOG]!><time="15:11:38.498+120" date="9-8-2015" component="import-apps.ps1" context="ACAG\s300scc001" type="2" thread="11" file="">
<![LOG[Testapp_1.1.0_MUI_ALTANA_001_ALL P - UNINST already exists]LOG]!><time="15:11:38.658+120" date="9-8-2015" component="import-apps.ps1" context="ACAG\s300scc001" type="2" thread="11" file="">
<![LOG[Moved Testapp_1.1.0_MUI_ALTANA_001_ALL P - AUTH to T00 - (B) Software Deployment successfully]LOG]!><time="15:11:39.418+120" date="9-8-2015" component="import-apps.ps1" context="ACAG\s300scc001" type="1" thread="11" file="">
<![LOG[Moved Testapp_1.1.0_MUI_ALTANA_001_ALL P - UNINST to T00 - (B) Software Deployment successfully]LOG]!><time="15:11:40.012+120" date="9-8-2015" component="import-apps.ps1" context="ACAG\s300scc001" type="1" thread="11" file="">
<![LOG[Install Deployment for Testapp_1.1.0_MUI_ALTANA_001_ALL P on collection Testapp_1.1.0_MUI_ALTANA_001_ALL P - AUTH does not exist]LOG]!><time="15:11:40.569+120" date="9-8-2015" component="import-apps.ps1" context="ACAG\s300scc001" type="1" thread="11" file="">
<![LOG[Start to create deployment on Testapp_1.1.0_MUI_ALTANA_001_ALL P - AUTH for install application Testapp_1.1.0_MUI_ALTANA_001_ALL P]LOG]!><time="15:11:40.575+120" date="9-8-2015" component="import-apps.ps1" context="ACAG\s300scc001" type="1" thread="11" file="">
<![LOG[Deployment on Testapp_1.1.0_MUI_ALTANA_001_ALL P - AUTH for install application Testapp_1.1.0_MUI_ALTANA_001_ALL P created successfully]LOG]!><time="15:11:48.672+120" date="9-8-2015" component="import-apps.ps1" context="ACAG\s300scc001" type="1" thread="11" file="">
<![LOG[Uninstall Deployment for Testapp_1.1.0_MUI_ALTANA_001_ALL P on collection Testapp_1.1.0_MUI_ALTANA_001_ALL P - UNINST does not exist]LOG]!><time="15:11:48.973+120" date="9-8-2015" component="import-apps.ps1" context="ACAG\s300scc001" type="1" thread="11" file="">
<![LOG[Start to create deployment on Testapp_1.1.0_MUI_ALTANA_001_ALL P - UNINST for uninstall application Testapp_1.1.0_MUI_ALTANA_001_ALL P]LOG]!><time="15:11:48.976+120" date="9-8-2015" component="import-apps.ps1" context="ACAG\s300scc001" type="1" thread="11" file="">
<![LOG[Deployment on Testapp_1.1.0_MUI_ALTANA_001_ALL P - UNINST for uninstall application Testapp_1.1.0_MUI_ALTANA_001_ALL P created successfully]LOG]!><time="15:11:51.042+120" date="9-8-2015" component="import-apps.ps1" context="ACAG\s300scc001" type="1" thread="11" file="">
<![LOG[Testapp_1.1.0_MUI_ALTANA_001_ALL P imported successfully]LOG]!><time="15:11:51.045+120" date="9-8-2015" component="import-apps.ps1" context="ACAG\s300scc001" type="1" thread="11" file="">
<![LOG[@{Name=Testapp_1.1.0_MUI_ALTANA_001_ALL P} selected]LOG]!><time="15:15:27.804+120" date="9-8-2015" component="import-apps.ps1" context="ACAG\s300scc001" type="1" thread="11" file="">
<![LOG[Testapp_1.1.0_MUI_ALTANA_001_ALL P already exists]LOG]!><time="15:15:29.739+120" date="9-8-2015" component="import-apps.ps1" context="ACAG\s300scc001" type="2" thread="11" file="">
<![LOG[Moved Testapp_1.1.0_MUI_ALTANA_001_ALL P to T00 - (B) Software Deployment successfully]LOG]!><time="15:15:30.355+120" date="9-8-2015" component="import-apps.ps1" context="ACAG\s300scc001" type="1" thread="11" file="">
<![LOG[Deployment Type Install for Testapp_1.1.0_MUI_ALTANA_001_ALL P already exists]LOG]!><time="15:15:32.118+120" date="9-8-2015" component="import-apps.ps1" context="ACAG\s300scc001" type="2" thread="11" file="">
<![LOG[Distribute content of application Testapp_1.1.0_MUI_ALTANA_001_ALL P to DP group 01 - TEST]LOG]!><time="15:15:32.182+120" date="9-8-2015" component="import-apps.ps1" context="ACAG\s300scc001" type="1" thread="11" file="">
<![LOG[Failed to distribute content of Testapp_1.1.0_MUI_ALTANA_001_ALL P to 01 - TEST]LOG]!><time="15:15:34.518+120" date="9-8-2015" component="import-apps.ps1" context="ACAG\s300scc001" type="3" thread="11" file="">
<![LOG[Continue neverthless]LOG]!><time="15:15:34.521+120" date="9-8-2015" component="import-apps.ps1" context="ACAG\s300scc001" type="2" thread="11" file="">
<![LOG[No content destination was found. This can happen when an invalid collection, distribution point, or distribution point is specified or if the content has already been distributed to the specified destination.]LOG]!><time="15:15:34.523+120" date="9-8-2015" component="import-apps.ps1" context="ACAG\s300scc001" type="3" thread="11" file="">
<![LOG[Testapp_1.1.0_MUI_ALTANA_001_ALL P - AUTH already exists]LOG]!><time="15:15:34.712+120" date="9-8-2015" component="import-apps.ps1" context="ACAG\s300scc001" type="2" thread="11" file="">
<![LOG[Testapp_1.1.0_MUI_ALTANA_001_ALL P - UNINST already exists]LOG]!><time="15:15:34.856+120" date="9-8-2015" component="import-apps.ps1" context="ACAG\s300scc001" type="2" thread="11" file="">
<![LOG[Moved Testapp_1.1.0_MUI_ALTANA_001_ALL P - AUTH to T00 - (B) Software Deployment successfully]LOG]!><time="15:15:35.451+120" date="9-8-2015" component="import-apps.ps1" context="ACAG\s300scc001" type="1" thread="11" file="">
<![LOG[Moved Testapp_1.1.0_MUI_ALTANA_001_ALL P - UNINST to T00 - (B) Software Deployment successfully]LOG]!><time="15:15:35.850+120" date="9-8-2015" component="import-apps.ps1" context="ACAG\s300scc001" type="1" thread="11" file="">
<![LOG[Install Deployment for Testapp_1.1.0_MUI_ALTANA_001_ALL P on collection Testapp_1.1.0_MUI_ALTANA_001_ALL P - AUTH already exists]LOG]!><time="15:15:36.537+120" date="9-8-2015" component="import-apps.ps1" context="ACAG\s300scc001" type="2" thread="11" file="">
<![LOG[Uninstall Deployment for Testapp_1.1.0_MUI_ALTANA_001_ALL P on collection Testapp_1.1.0_MUI_ALTANA_001_ALL P - UNINST already exists]LOG]!><time="15:15:36.893+120" date="9-8-2015" component="import-apps.ps1" context="ACAG\s300scc001" type="2" thread="11" file="">
<![LOG[Testapp_1.1.0_MUI_ALTANA_001_ALL P imported successfully]LOG]!><time="15:15:36.897+120" date="9-8-2015" component="import-apps.ps1" context="ACAG\s300scc001" type="1" thread="11" file="">
<![LOG[@{Name=Testapp_1.1.0_MUI_ALTANA_001_ALL P} selected]LOG]!><time="15:17:17.438+120" date="9-8-2015" component="import-apps.ps1" context="ACAG\s300scc001" type="1" thread="11" file="">
<![LOG[Testapp_1.1.0_MUI_ALTANA_001_ALL P already exists]LOG]!><time="15:17:18.753+120" date="9-8-2015" component="import-apps.ps1" context="ACAG\s300scc001" type="2" thread="11" file="">
<![LOG[Moved Testapp_1.1.0_MUI_ALTANA_001_ALL P to T00 - (B) Software Deployment successfully]LOG]!><time="15:17:19.338+120" date="9-8-2015" component="import-apps.ps1" context="ACAG\s300scc001" type="1" thread="11" file="">
<![LOG[Deployment Type Install for Testapp_1.1.0_MUI_ALTANA_001_ALL P already exists]LOG]!><time="15:17:19.652+120" date="9-8-2015" component="import-apps.ps1" context="ACAG\s300scc001" type="2" thread="11" file="">
<![LOG[Distribute content of application Testapp_1.1.0_MUI_ALTANA_001_ALL P to DP group 01 - TEST]LOG]!><time="15:17:19.658+120" date="9-8-2015" component="import-apps.ps1" context="ACAG\s300scc001" type="1" thread="11" file="">
<![LOG[Failed to distribute content of Testapp_1.1.0_MUI_ALTANA_001_ALL P to 01 - TEST]LOG]!><time="15:17:20.330+120" date="9-8-2015" component="import-apps.ps1" context="ACAG\s300scc001" type="3" thread="11" file="">
<![LOG[Continue neverthless]LOG]!><time="15:17:20.332+120" date="9-8-2015" component="import-apps.ps1" context="ACAG\s300scc001" type="2" thread="11" file="">
<![LOG[No content destination was found. This can happen when an invalid collection, distribution point, or distribution point is specified or if the content has already been distributed to the specified destination.]LOG]!><time="15:17:20.334+120" date="9-8-2015" component="import-apps.ps1" context="ACAG\s300scc001" type="3" thread="11" file="">
<![LOG[Testapp_1.1.0_MUI_ALTANA_001_ALL P - AUTH already exists]LOG]!><time="15:17:20.481+120" date="9-8-2015" component="import-apps.ps1" context="ACAG\s300scc001" type="2" thread="11" file="">
<![LOG[Testapp_1.1.0_MUI_ALTANA_001_ALL P - UNINST already exists]LOG]!><time="15:17:20.581+120" date="9-8-2015" component="import-apps.ps1" context="ACAG\s300scc001" type="2" thread="11" file="">
<![LOG[Moved Testapp_1.1.0_MUI_ALTANA_001_ALL P - AUTH to T00 - (B) Software Deployment successfully]LOG]!><time="15:17:21.316+120" date="9-8-2015" component="import-apps.ps1" context="ACAG\s300scc001" type="1" thread="11" file="">
<![LOG[Moved Testapp_1.1.0_MUI_ALTANA_001_ALL P - UNINST to T00 - (B) Software Deployment successfully]LOG]!><time="15:17:21.777+120" date="9-8-2015" component="import-apps.ps1" context="ACAG\s300scc001" type="1" thread="11" file="">
<![LOG[Install Deployment for Testapp_1.1.0_MUI_ALTANA_001_ALL P on collection Testapp_1.1.0_MUI_ALTANA_001_ALL P - AUTH already exists]LOG]!><time="15:17:21.980+120" date="9-8-2015" component="import-apps.ps1" context="ACAG\s300scc001" type="2" thread="11" file="">
<![LOG[Uninstall Deployment for Testapp_1.1.0_MUI_ALTANA_001_ALL P on collection Testapp_1.1.0_MUI_ALTANA_001_ALL P - UNINST already exists]LOG]!><time="15:17:22.287+120" date="9-8-2015" component="import-apps.ps1" context="ACAG\s300scc001" type="2" thread="11" file="">
<![LOG[Testapp_1.1.0_MUI_ALTANA_001_ALL P imported successfully]LOG]!><time="15:17:22.291+120" date="9-8-2015" component="import-apps.ps1" context="ACAG\s300scc001" type="1" thread="11" file="">
<![LOG[@{Name=Testapp_1.1.0_MUI_ALTANA_001_ALL P} selected]LOG]!><time="15:18:53.957+120" date="9-8-2015" component="import-apps.ps1" context="ACAG\s300scc001" type="1" thread="11" file="">
<![LOG[Testapp_1.1.0_MUI_ALTANA_001_ALL P already exists]LOG]!><time="15:18:55.415+120" date="9-8-2015" component="import-apps.ps1" context="ACAG\s300scc001" type="2" thread="11" file="">
<![LOG[Moved Testapp_1.1.0_MUI_ALTANA_001_ALL P to T00 - (B) Software Deployment successfully]LOG]!><time="15:18:56.000+120" date="9-8-2015" component="import-apps.ps1" context="ACAG\s300scc001" type="1" thread="11" file="">
<![LOG[Deployment Type Install for Testapp_1.1.0_MUI_ALTANA_001_ALL P already exists]LOG]!><time="15:18:56.499+120" date="9-8-2015" component="import-apps.ps1" context="ACAG\s300scc001" type="2" thread="11" file="">
<![LOG[Distribute content of application Testapp_1.1.0_MUI_ALTANA_001_ALL P to DP group 01 - TEST]LOG]!><time="15:18:56.505+120" date="9-8-2015" component="import-apps.ps1" context="ACAG\s300scc001" type="1" thread="11" file="">
<![LOG[Failed to distribute content of Testapp_1.1.0_MUI_ALTANA_001_ALL P to 01 - TEST]LOG]!><time="15:18:57.172+120" date="9-8-2015" component="import-apps.ps1" context="ACAG\s300scc001" type="3" thread="11" file="">
<![LOG[Continue neverthless]LOG]!><time="15:18:57.174+120" date="9-8-2015" component="import-apps.ps1" context="ACAG\s300scc001" type="2" thread="11" file="">
<![LOG[No content destination was found. This can happen when an invalid collection, distribution point, or distribution point is specified or if the content has already been distributed to the specified destination.]LOG]!><time="15:18:57.193+120" date="9-8-2015" component="import-apps.ps1" context="ACAG\s300scc001" type="3" thread="11" file="">
<![LOG[Testapp_1.1.0_MUI_ALTANA_001_ALL P - AUTH already exists]LOG]!><time="15:18:57.296+120" date="9-8-2015" component="import-apps.ps1" context="ACAG\s300scc001" type="2" thread="11" file="">
<![LOG[Testapp_1.1.0_MUI_ALTANA_001_ALL P - UNINST already exists]LOG]!><time="15:18:57.400+120" date="9-8-2015" component="import-apps.ps1" context="ACAG\s300scc001" type="2" thread="11" file="">
<![LOG[Moved Testapp_1.1.0_MUI_ALTANA_001_ALL P - AUTH to T00 - (B) Software Deployment successfully]LOG]!><time="15:18:58.164+120" date="9-8-2015" component="import-apps.ps1" context="ACAG\s300scc001" type="1" thread="11" file="">
<![LOG[Moved Testapp_1.1.0_MUI_ALTANA_001_ALL P - UNINST to T00 - (B) Software Deployment successfully]LOG]!><time="15:18:58.608+120" date="9-8-2015" component="import-apps.ps1" context="ACAG\s300scc001" type="1" thread="11" file="">
<![LOG[Install Deployment for Testapp_1.1.0_MUI_ALTANA_001_ALL P on collection Testapp_1.1.0_MUI_ALTANA_001_ALL P - AUTH already exists]LOG]!><time="15:18:58.866+120" date="9-8-2015" component="import-apps.ps1" context="ACAG\s300scc001" type="2" thread="11" file="">
<![LOG[Uninstall Deployment for Testapp_1.1.0_MUI_ALTANA_001_ALL P on collection Testapp_1.1.0_MUI_ALTANA_001_ALL P - UNINST already exists]LOG]!><time="15:18:59.048+120" date="9-8-2015" component="import-apps.ps1" context="ACAG\s300scc001" type="2" thread="11" file="">
<![LOG[Testapp_1.1.0_MUI_ALTANA_001_ALL P imported successfully]LOG]!><time="15:18:59.051+120" date="9-8-2015" component="import-apps.ps1" context="ACAG\s300scc001" type="1" thread="11" file="">
<![LOG[ selected]LOG]!><time="16:33:25.973+120" date="10-13-2015" component="import-apps.ps1" context="ACAG\a400def001" type="1" thread="13" file="">
